<?xml version="1.0" encoding="UTF-8"?>
<!-- Generated by org.testng.reporters.JUnitXMLReporter -->
<testsuite ignored="0" hostname="Rupeshs-MacBook-Air.local" failures="0" tests="2" name="Default test" time="0.917" errors="0" timestamp="2025-10-15T21:36:47 IST">
  <testcase classname="com.api.tests.datadriven.CreateJobApiDataDrivenTest" name="createJobApiTest" time="0.858"/>
  <testcase classname="com.api.tests.datadriven.CreateJobApiDataDrivenTest" name="createJobApiTest" time="0.858"/>
</testsuite> <!-- Default test -->
