<?xml version="1.0" encoding="UTF-8"?>
<!-- Generated by org.testng.reporters.JUnitXMLReporter -->
<testsuite ignored="0" hostname="Rupeshs-MacBook-Air.local" failures="0" tests="3" name="Default test" time="0.745" errors="0" timestamp="2025-11-03T18:47:51 IST">
  <testcase classname="com.api.tests.datadriven.LoginApiJsonDataDrivenTest" name="loginApiTest" time="0.659"/>
  <testcase classname="com.api.tests.datadriven.LoginApiJsonDataDrivenTest" name="loginApiTest" time="0.659"/>
  <testcase classname="com.api.tests.datadriven.LoginApiJsonDataDrivenTest" name="loginApiTest" time="0.659"/>
</testsuite> <!-- Default test -->
