<?xml version="1.0" encoding="UTF-8"?>
<!-- Generated by org.testng.reporters.JUnitXMLReporter -->
<testsuite ignored="1" hostname="Rupeshs-MacBook-Air.local" failures="0" tests="1" name="Default test" time="0.816" errors="0" timestamp="2025-09-19T16:05:00 IST">
  <testcase classname="com.api.tests.CountApiTest" name="verifyCountApiResponse" time="0.802"/>
  <testcase classname="com.api.tests.CountApiTest" name="verifyCountApiWithoutHeader" time="0.0">
    <ignored/>
  </testcase> <!-- verifyCountApiWithoutHeader -->
</testsuite> <!-- Default test -->
