<?xml version="1.0" encoding="UTF-8"?>
<!-- Generated by org.testng.reporters.JUnitXMLReporter -->
<testsuite ignored="0" hostname="Rupeshs-MacBook-Air.local" failures="0" tests="2" name="Default test" time="0.827" errors="0" timestamp="2025-11-03T19:10:53 IST">
  <testcase classname="com.api.tests.datadriven.CreateJobApiJsonDataDrivenTest" name="CreateJobApiDataDrivenTest" time="0.732"/>
  <testcase classname="com.api.tests.datadriven.CreateJobApiJsonDataDrivenTest" name="CreateJobApiDataDrivenTest" time="0.732"/>
</testsuite> <!-- Default test -->
