<?xml version="1.0" encoding="UTF-8"?>
<!-- Generated by org.testng.reporters.JUnitXMLReporter -->
<testsuite ignored="0" hostname="Rupeshs-MacBook-Air.local" failures="0" tests="10" name="Default test" time="1.23" errors="0" timestamp="2025-11-01T20:39:24 IST">
  <testcase classname="com.api.tests.datadriven.CreateJobApiDataDrivenFakerTest" name="createJobApiTest" time="1.157"/>
  <testcase classname="com.api.tests.datadriven.CreateJobApiDataDrivenFakerTest" name="createJobApiTest" time="1.157"/>
  <testcase classname="com.api.tests.datadriven.CreateJobApiDataDrivenFakerTest" name="createJobApiTest" time="1.159"/>
  <testcase classname="com.api.tests.datadriven.CreateJobApiDataDrivenFakerTest" name="createJobApiTest" time="1.158"/>
  <testcase classname="com.api.tests.datadriven.CreateJobApiDataDrivenFakerTest" name="createJobApiTest" time="1.157"/>
  <testcase classname="com.api.tests.datadriven.CreateJobApiDataDrivenFakerTest" name="createJobApiTest" time="1.16"/>
  <testcase classname="com.api.tests.datadriven.CreateJobApiDataDrivenFakerTest" name="createJobApiTest" time="1.16"/>
  <testcase classname="com.api.tests.datadriven.CreateJobApiDataDrivenFakerTest" name="createJobApiTest" time="1.159"/>
  <testcase classname="com.api.tests.datadriven.CreateJobApiDataDrivenFakerTest" name="createJobApiTest" time="1.159"/>
  <testcase classname="com.api.tests.datadriven.CreateJobApiDataDrivenFakerTest" name="createJobApiTest" time="1.161"/>
</testsuite> <!-- Default test -->
