<?xml version="1.0" encoding="UTF-8"?>
<!-- Generated by org.testng.reporters.JUnitXMLReporter -->
<testsuite ignored="0" hostname="Rupeshs-MacBook-Air.local" failures="0" tests="100" name="Default test" time="5.007" errors="0" timestamp="2025-11-01T17:33:37 IST">
  <testcase classname="com.api.tests.datadriven.CreateJobApiDataDrivenFakerTest" name="createJobApiTest" time="1.167"/>
  <testcase classname="com.api.tests.datadriven.CreateJobApiDataDrivenFakerTest" name="createJobApiTest" time="1.169"/>
  <testcase classname="com.api.tests.datadriven.CreateJobApiDataDrivenFakerTest" name="createJobApiTest" time="1.169"/>
  <testcase classname="com.api.tests.datadriven.CreateJobApiDataDrivenFakerTest" name="createJobApiTest" time="1.168"/>
  <testcase classname="com.api.tests.datadriven.CreateJobApiDataDrivenFakerTest" name="createJobApiTest" time="1.17"/>
  <testcase classname="com.api.tests.datadriven.CreateJobApiDataDrivenFakerTest" name="createJobApiTest" time="1.17"/>
  <testcase classname="com.api.tests.datadriven.CreateJobApiDataDrivenFakerTest" name="createJobApiTest" time="1.169"/>
  <testcase classname="com.api.tests.datadriven.CreateJobApiDataDrivenFakerTest" name="createJobApiTest" time="1.172"/>
  <testcase classname="com.api.tests.datadriven.CreateJobApiDataDrivenFakerTest" name="createJobApiTest" time="1.171"/>
  <testcase classname="com.api.tests.datadriven.CreateJobApiDataDrivenFakerTest" name="createJobApiTest" time="1.171"/>
  <testcase classname="com.api.tests.datadriven.CreateJobApiDataDrivenFakerTest" name="createJobApiTest" time="0.459"/>
  <testcase classname="com.api.tests.datadriven.CreateJobApiDataDrivenFakerTest" name="createJobApiTest" time="0.458"/>
  <testcase classname="com.api.tests.datadriven.CreateJobApiDataDrivenFakerTest" name="createJobApiTest" time="0.474"/>
  <testcase classname="com.api.tests.datadriven.CreateJobApiDataDrivenFakerTest" name="createJobApiTest" time="0.478"/>
  <testcase classname="com.api.tests.datadriven.CreateJobApiDataDrivenFakerTest" name="createJobApiTest" time="0.514"/>
  <testcase classname="com.api.tests.datadriven.CreateJobApiDataDrivenFakerTest" name="createJobApiTest" time="0.514"/>
  <testcase classname="com.api.tests.datadriven.CreateJobApiDataDrivenFakerTest" name="createJobApiTest" time="0.51"/>
  <testcase classname="com.api.tests.datadriven.CreateJobApiDataDrivenFakerTest" name="createJobApiTest" time="0.516"/>
  <testcase classname="com.api.tests.datadriven.CreateJobApiDataDrivenFakerTest" name="createJobApiTest" time="0.51"/>
  <testcase classname="com.api.tests.datadriven.CreateJobApiDataDrivenFakerTest" name="createJobApiTest" time="0.518"/>
  <testcase classname="com.api.tests.datadriven.CreateJobApiDataDrivenFakerTest" name="createJobApiTest" time="0.309"/>
  <testcase classname="com.api.tests.datadriven.CreateJobApiDataDrivenFakerTest" name="createJobApiTest" time="0.407"/>
  <testcase classname="com.api.tests.datadriven.CreateJobApiDataDrivenFakerTest" name="createJobApiTest" time="0.439"/>
  <testcase classname="com.api.tests.datadriven.CreateJobApiDataDrivenFakerTest" name="createJobApiTest" time="0.41"/>
  <testcase classname="com.api.tests.datadriven.CreateJobApiDataDrivenFakerTest" name="createJobApiTest" time="0.445"/>
  <testcase classname="com.api.tests.datadriven.CreateJobApiDataDrivenFakerTest" name="createJobApiTest" time="0.466"/>
  <testcase classname="com.api.tests.datadriven.CreateJobApiDataDrivenFakerTest" name="createJobApiTest" time="0.411"/>
  <testcase classname="com.api.tests.datadriven.CreateJobApiDataDrivenFakerTest" name="createJobApiTest" time="0.417"/>
  <testcase classname="com.api.tests.datadriven.CreateJobApiDataDrivenFakerTest" name="createJobApiTest" time="0.423"/>
  <testcase classname="com.api.tests.datadriven.CreateJobApiDataDrivenFakerTest" name="createJobApiTest" time="0.42"/>
  <testcase classname="com.api.tests.datadriven.CreateJobApiDataDrivenFakerTest" name="createJobApiTest" time="0.48"/>
  <testcase classname="com.api.tests.datadriven.CreateJobApiDataDrivenFakerTest" name="createJobApiTest" time="0.414"/>
  <testcase classname="com.api.tests.datadriven.CreateJobApiDataDrivenFakerTest" name="createJobApiTest" time="0.425"/>
  <testcase classname="com.api.tests.datadriven.CreateJobApiDataDrivenFakerTest" name="createJobApiTest" time="0.457"/>
  <testcase classname="com.api.tests.datadriven.CreateJobApiDataDrivenFakerTest" name="createJobApiTest" time="0.464"/>
  <testcase classname="com.api.tests.datadriven.CreateJobApiDataDrivenFakerTest" name="createJobApiTest" time="0.456"/>
  <testcase classname="com.api.tests.datadriven.CreateJobApiDataDrivenFakerTest" name="createJobApiTest" time="0.496"/>
  <testcase classname="com.api.tests.datadriven.CreateJobApiDataDrivenFakerTest" name="createJobApiTest" time="0.507"/>
  <testcase classname="com.api.tests.datadriven.CreateJobApiDataDrivenFakerTest" name="createJobApiTest" time="0.508"/>
  <testcase classname="com.api.tests.datadriven.CreateJobApiDataDrivenFakerTest" name="createJobApiTest" time="0.498"/>
  <testcase classname="com.api.tests.datadriven.CreateJobApiDataDrivenFakerTest" name="createJobApiTest" time="0.282"/>
  <testcase classname="com.api.tests.datadriven.CreateJobApiDataDrivenFakerTest" name="createJobApiTest" time="0.328"/>
  <testcase classname="com.api.tests.datadriven.CreateJobApiDataDrivenFakerTest" name="createJobApiTest" time="0.329"/>
  <testcase classname="com.api.tests.datadriven.CreateJobApiDataDrivenFakerTest" name="createJobApiTest" time="0.343"/>
  <testcase classname="com.api.tests.datadriven.CreateJobApiDataDrivenFakerTest" name="createJobApiTest" time="0.356"/>
  <testcase classname="com.api.tests.datadriven.CreateJobApiDataDrivenFakerTest" name="createJobApiTest" time="0.363"/>
  <testcase classname="com.api.tests.datadriven.CreateJobApiDataDrivenFakerTest" name="createJobApiTest" time="0.462"/>
  <testcase classname="com.api.tests.datadriven.CreateJobApiDataDrivenFakerTest" name="createJobApiTest" time="0.467"/>
  <testcase classname="com.api.tests.datadriven.CreateJobApiDataDrivenFakerTest" name="createJobApiTest" time="0.47"/>
  <testcase classname="com.api.tests.datadriven.CreateJobApiDataDrivenFakerTest" name="createJobApiTest" time="0.409"/>
  <testcase classname="com.api.tests.datadriven.CreateJobApiDataDrivenFakerTest" name="createJobApiTest" time="0.51"/>
  <testcase classname="com.api.tests.datadriven.CreateJobApiDataDrivenFakerTest" name="createJobApiTest" time="0.326"/>
  <testcase classname="com.api.tests.datadriven.CreateJobApiDataDrivenFakerTest" name="createJobApiTest" time="0.413"/>
  <testcase classname="com.api.tests.datadriven.CreateJobApiDataDrivenFakerTest" name="createJobApiTest" time="0.356"/>
  <testcase classname="com.api.tests.datadriven.CreateJobApiDataDrivenFakerTest" name="createJobApiTest" time="0.354"/>
  <testcase classname="com.api.tests.datadriven.CreateJobApiDataDrivenFakerTest" name="createJobApiTest" time="0.399"/>
  <testcase classname="com.api.tests.datadriven.CreateJobApiDataDrivenFakerTest" name="createJobApiTest" time="0.301"/>
  <testcase classname="com.api.tests.datadriven.CreateJobApiDataDrivenFakerTest" name="createJobApiTest" time="0.346"/>
  <testcase classname="com.api.tests.datadriven.CreateJobApiDataDrivenFakerTest" name="createJobApiTest" time="0.39"/>
  <testcase classname="com.api.tests.datadriven.CreateJobApiDataDrivenFakerTest" name="createJobApiTest" time="0.406"/>
  <testcase classname="com.api.tests.datadriven.CreateJobApiDataDrivenFakerTest" name="createJobApiTest" time="0.465"/>
  <testcase classname="com.api.tests.datadriven.CreateJobApiDataDrivenFakerTest" name="createJobApiTest" time="0.364"/>
  <testcase classname="com.api.tests.datadriven.CreateJobApiDataDrivenFakerTest" name="createJobApiTest" time="0.518"/>
  <testcase classname="com.api.tests.datadriven.CreateJobApiDataDrivenFakerTest" name="createJobApiTest" time="0.369"/>
  <testcase classname="com.api.tests.datadriven.CreateJobApiDataDrivenFakerTest" name="createJobApiTest" time="0.402"/>
  <testcase classname="com.api.tests.datadriven.CreateJobApiDataDrivenFakerTest" name="createJobApiTest" time="0.375"/>
  <testcase classname="com.api.tests.datadriven.CreateJobApiDataDrivenFakerTest" name="createJobApiTest" time="0.414"/>
  <testcase classname="com.api.tests.datadriven.CreateJobApiDataDrivenFakerTest" name="createJobApiTest" time="0.411"/>
  <testcase classname="com.api.tests.datadriven.CreateJobApiDataDrivenFakerTest" name="createJobApiTest" time="0.358"/>
  <testcase classname="com.api.tests.datadriven.CreateJobApiDataDrivenFakerTest" name="createJobApiTest" time="0.315"/>
  <testcase classname="com.api.tests.datadriven.CreateJobApiDataDrivenFakerTest" name="createJobApiTest" time="0.351"/>
  <testcase classname="com.api.tests.datadriven.CreateJobApiDataDrivenFakerTest" name="createJobApiTest" time="0.289"/>
  <testcase classname="com.api.tests.datadriven.CreateJobApiDataDrivenFakerTest" name="createJobApiTest" time="0.359"/>
  <testcase classname="com.api.tests.datadriven.CreateJobApiDataDrivenFakerTest" name="createJobApiTest" time="0.359"/>
  <testcase classname="com.api.tests.datadriven.CreateJobApiDataDrivenFakerTest" name="createJobApiTest" time="0.399"/>
  <testcase classname="com.api.tests.datadriven.CreateJobApiDataDrivenFakerTest" name="createJobApiTest" time="0.405"/>
  <testcase classname="com.api.tests.datadriven.CreateJobApiDataDrivenFakerTest" name="createJobApiTest" time="0.354"/>
  <testcase classname="com.api.tests.datadriven.CreateJobApiDataDrivenFakerTest" name="createJobApiTest" time="0.36"/>
  <testcase classname="com.api.tests.datadriven.CreateJobApiDataDrivenFakerTest" name="createJobApiTest" time="0.36"/>
  <testcase classname="com.api.tests.datadriven.CreateJobApiDataDrivenFakerTest" name="createJobApiTest" time="0.356"/>
  <testcase classname="com.api.tests.datadriven.CreateJobApiDataDrivenFakerTest" name="createJobApiTest" time="0.265"/>
  <testcase classname="com.api.tests.datadriven.CreateJobApiDataDrivenFakerTest" name="createJobApiTest" time="0.304"/>
  <testcase classname="com.api.tests.datadriven.CreateJobApiDataDrivenFakerTest" name="createJobApiTest" time="0.357"/>
  <testcase classname="com.api.tests.datadriven.CreateJobApiDataDrivenFakerTest" name="createJobApiTest" time="0.45"/>
  <testcase classname="com.api.tests.datadriven.CreateJobApiDataDrivenFakerTest" name="createJobApiTest" time="0.407"/>
  <testcase classname="com.api.tests.datadriven.CreateJobApiDataDrivenFakerTest" name="createJobApiTest" time="0.417"/>
  <testcase classname="com.api.tests.datadriven.CreateJobApiDataDrivenFakerTest" name="createJobApiTest" time="0.304"/>
  <testcase classname="com.api.tests.datadriven.CreateJobApiDataDrivenFakerTest" name="createJobApiTest" time="0.421"/>
  <testcase classname="com.api.tests.datadriven.CreateJobApiDataDrivenFakerTest" name="createJobApiTest" time="0.406"/>
  <testcase classname="com.api.tests.datadriven.CreateJobApiDataDrivenFakerTest" name="createJobApiTest" time="0.469"/>
  <testcase classname="com.api.tests.datadriven.CreateJobApiDataDrivenFakerTest" name="createJobApiTest" time="0.448"/>
  <testcase classname="com.api.tests.datadriven.CreateJobApiDataDrivenFakerTest" name="createJobApiTest" time="0.377"/>
  <testcase classname="com.api.tests.datadriven.CreateJobApiDataDrivenFakerTest" name="createJobApiTest" time="0.307"/>
  <testcase classname="com.api.tests.datadriven.CreateJobApiDataDrivenFakerTest" name="createJobApiTest" time="0.41"/>
  <testcase classname="com.api.tests.datadriven.CreateJobApiDataDrivenFakerTest" name="createJobApiTest" time="0.359"/>
  <testcase classname="com.api.tests.datadriven.CreateJobApiDataDrivenFakerTest" name="createJobApiTest" time="0.356"/>
  <testcase classname="com.api.tests.datadriven.CreateJobApiDataDrivenFakerTest" name="createJobApiTest" time="0.37"/>
  <testcase classname="com.api.tests.datadriven.CreateJobApiDataDrivenFakerTest" name="createJobApiTest" time="0.351"/>
  <testcase classname="com.api.tests.datadriven.CreateJobApiDataDrivenFakerTest" name="createJobApiTest" time="0.316"/>
  <testcase classname="com.api.tests.datadriven.CreateJobApiDataDrivenFakerTest" name="createJobApiTest" time="0.256"/>
</testsuite> <!-- Default test -->
