<?xml version="1.0" encoding="UTF-8"?>
<testng-results ignored="0" total="1" passed="1" failed="0" skipped="0">
  <reporter-output>
  </reporter-output>
  <suite started-at="2025-09-25T14:05:03 IST" name="Default suite" finished-at="2025-09-25T14:05:04 IST" duration-ms="711">
    <groups>
    </groups>
    <test started-at="2025-09-25T14:05:03 IST" name="Default test" finished-at="2025-09-25T14:05:04 IST" duration-ms="711">
      <class name="com.api.tests.LoginApiTest">
        <test-method signature="loginApiTest()[pri:0, instance:com.api.tests.LoginApiTest@55a147cc]" started-at="2025-09-25T14:05:03 IST" name="loginApiTest" finished-at="2025-09-25T14:05:04 IST" duration-ms="697" status="PASS">
          <reporter-output>
          </reporter-output>
        </test-method> <!-- loginApiTest -->
      </class> <!-- com.api.tests.LoginApiTest -->
    </test> <!-- Default test -->
  </suite> <!-- Default suite -->
</testng-results>
