<?xml version="1.0" encoding="UTF-8"?>
<testng-results ignored="1" total="2" passed="1" failed="0" skipped="0">
  <reporter-output>
  </reporter-output>
  <suite started-at="2025-09-19T16:04:59 IST" name="Default suite" finished-at="2025-09-19T16:05:00 IST" duration-ms="816">
    <groups>
    </groups>
    <test started-at="2025-09-19T16:04:59 IST" name="Default test" finished-at="2025-09-19T16:05:00 IST" duration-ms="816">
      <class name="com.api.tests.CountApiTest">
        <test-method signature="verifyCountApiResponse()[pri:0, instance:com.api.tests.CountApiTest@71ba6d4e]" started-at="2025-09-19T16:04:59 IST" name="verifyCountApiResponse" finished-at="2025-09-19T16:05:00 IST" duration-ms="802" status="PASS">
          <reporter-output>
          </reporter-output>
        </test-method> <!-- verifyCountApiResponse -->
      </class> <!-- com.api.tests.CountApiTest -->
    </test> <!-- Default test -->
  </suite> <!-- Default suite -->
</testng-results>
