<?xml version="1.0" encoding="UTF-8"?>
<testng-results ignored="0" total="1" passed="1" failed="0" skipped="0">
  <reporter-output>
  </reporter-output>
  <suite started-at="2025-10-01T21:13:51 IST" name="Default suite" finished-at="2025-10-01T21:13:52 IST" duration-ms="642">
    <groups>
    </groups>
    <test started-at="2025-10-01T21:13:51 IST" name="Default test" finished-at="2025-10-01T21:13:52 IST" duration-ms="642">
      <class name="com.api.tests.LoginApiTest">
        <test-method signature="loginApiTest()[pri:0, instance:com.api.tests.LoginApiTest@1d2adfbe]" started-at="2025-10-01T21:13:51 IST" name="loginApiTest" finished-at="2025-10-01T21:13:52 IST" duration-ms="631" status="PASS">
          <reporter-output>
          </reporter-output>
        </test-method> <!-- loginApiTest -->
      </class> <!-- com.api.tests.LoginApiTest -->
    </test> <!-- Default test -->
  </suite> <!-- Default suite -->
</testng-results>
