<?xml version="1.0" encoding="UTF-8"?>
<testng-results ignored="0" total="1" passed="1" failed="0" skipped="0">
  <reporter-output>
  </reporter-output>
  <suite started-at="2025-10-02T22:19:58 IST" name="Default suite" finished-at="2025-10-02T22:19:58 IST" duration-ms="736">
    <groups>
      <group name="regression">
        <method signature="CreateJobApiTest.createJobApiTest()[pri:0, instance:com.api.tests.CreateJobApiTest@4d5d943d]" name="createJobApiTest" class="com.api.tests.CreateJobApiTest"/>
      </group> <!-- regression -->
      <group name="smoke">
        <method signature="CreateJobApiTest.createJobApiTest()[pri:0, instance:com.api.tests.CreateJobApiTest@4d5d943d]" name="createJobApiTest" class="com.api.tests.CreateJobApiTest"/>
      </group> <!-- smoke -->
      <group name="api">
        <method signature="CreateJobApiTest.createJobApiTest()[pri:0, instance:com.api.tests.CreateJobApiTest@4d5d943d]" name="createJobApiTest" class="com.api.tests.CreateJobApiTest"/>
      </group> <!-- api -->
    </groups>
    <test started-at="2025-10-02T22:19:58 IST" name="Default test" finished-at="2025-10-02T22:19:58 IST" duration-ms="736">
      <class name="com.api.tests.CreateJobApiTest">
        <test-method is-config="true" signature="setUp()[pri:0, instance:com.api.tests.CreateJobApiTest@4d5d943d]" started-at="2025-10-02T22:19:58 IST" name="setUp" description="Creating create job payload" finished-at="2025-10-02T22:19:58 IST" duration-ms="4" status="PASS">
          <reporter-output>
          </reporter-output>
        </test-method> <!-- setUp -->
        <test-method signature="createJobApiTest()[pri:0, instance:com.api.tests.CreateJobApiTest@4d5d943d]" started-at="2025-10-02T22:19:58 IST" name="createJobApiTest" description="Verifying if create job API giving correct response and able to create Inwarranty job" finished-at="2025-10-02T22:19:58 IST" duration-ms="720" status="PASS">
          <reporter-output>
          </reporter-output>
        </test-method> <!-- createJobApiTest -->
      </class> <!-- com.api.tests.CreateJobApiTest -->
    </test> <!-- Default test -->
  </suite> <!-- Default suite -->
</testng-results>
