<?xml version="1.0" encoding="UTF-8"?>
<testng-results ignored="0" total="3" passed="3" failed="0" skipped="0">
  <reporter-output>
  </reporter-output>
  <suite started-at="2025-11-03T18:47:50 IST" name="Default suite" finished-at="2025-11-03T18:47:51 IST" duration-ms="745">
    <groups>
      <group name="regression">
        <method signature="LoginApiJsonDataDrivenTest.loginApiTest(com.api.request.model.LoginUserCredentials)[pri:0, instance:com.api.tests.datadriven.LoginApiJsonDataDrivenTest@7f0eb4b4]" name="loginApiTest" class="com.api.tests.datadriven.LoginApiJsonDataDrivenTest"/>
      </group> <!-- regression -->
      <group name="smoke">
        <method signature="LoginApiJsonDataDrivenTest.loginApiTest(com.api.request.model.LoginUserCredentials)[pri:0, instance:com.api.tests.datadriven.LoginApiJsonDataDrivenTest@7f0eb4b4]" name="loginApiTest" class="com.api.tests.datadriven.LoginApiJsonDataDrivenTest"/>
      </group> <!-- smoke -->
      <group name="api">
        <method signature="LoginApiJsonDataDrivenTest.loginApiTest(com.api.request.model.LoginUserCredentials)[pri:0, instance:com.api.tests.datadriven.LoginApiJsonDataDrivenTest@7f0eb4b4]" name="loginApiTest" class="com.api.tests.datadriven.LoginApiJsonDataDrivenTest"/>
      </group> <!-- api -->
    </groups>
    <test started-at="2025-11-03T18:47:50 IST" name="Default test" finished-at="2025-11-03T18:47:51 IST" duration-ms="745">
      <class name="com.api.tests.datadriven.LoginApiJsonDataDrivenTest">
        <test-method signature="loginApiTest(com.api.request.model.LoginUserCredentials)[pri:0, instance:com.api.tests.datadriven.LoginApiJsonDataDrivenTest@7f0eb4b4]" started-at="2025-11-03T18:47:50 IST" name="loginApiTest" description="Verifying if login API is working for FD user" data-provider="loginApiJsonDataProvider" finished-at="2025-11-03T18:47:51 IST" duration-ms="659" status="PASS">
          <params>
            <param index="0">
              <value>
                <![CDATA[LoginUserCredentials[username=iamfd, password=password]]]>
              </value>
            </param>
          </params>
          <reporter-output>
          </reporter-output>
        </test-method> <!-- loginApiTest -->
        <test-method signature="loginApiTest(com.api.request.model.LoginUserCredentials)[pri:0, instance:com.api.tests.datadriven.LoginApiJsonDataDrivenTest@7f0eb4b4]" started-at="2025-11-03T18:47:50 IST" name="loginApiTest" description="Verifying if login API is working for FD user" data-provider="loginApiJsonDataProvider" finished-at="2025-11-03T18:47:51 IST" duration-ms="659" status="PASS">
          <params>
            <param index="0">
              <value>
                <![CDATA[LoginUserCredentials[username=iamsup, password=password]]]>
              </value>
            </param>
          </params>
          <reporter-output>
          </reporter-output>
        </test-method> <!-- loginApiTest -->
        <test-method signature="loginApiTest(com.api.request.model.LoginUserCredentials)[pri:0, instance:com.api.tests.datadriven.LoginApiJsonDataDrivenTest@7f0eb4b4]" started-at="2025-11-03T18:47:50 IST" name="loginApiTest" description="Verifying if login API is working for FD user" data-provider="loginApiJsonDataProvider" finished-at="2025-11-03T18:47:51 IST" duration-ms="659" status="PASS">
          <params>
            <param index="0">
              <value>
                <![CDATA[LoginUserCredentials[username=iameng, password=password]]]>
              </value>
            </param>
          </params>
          <reporter-output>
          </reporter-output>
        </test-method> <!-- loginApiTest -->
      </class> <!-- com.api.tests.datadriven.LoginApiJsonDataDrivenTest -->
    </test> <!-- Default test -->
  </suite> <!-- Default suite -->
</testng-results>
