<?xml version="1.0" encoding="UTF-8"?>
<testng-results ignored="0" total="100" passed="100" failed="0" skipped="0">
  <reporter-output>
  </reporter-output>
  <suite started-at="2025-11-01T17:33:32 IST" name="Default suite" finished-at="2025-11-01T17:33:37 IST" duration-ms="5007">
    <groups>
      <group name="regression">
        <method signature="CreateJobApiDataDrivenFakerTest.createJobApiTest(com.api.request.model.CreateJobPayload)[pri:0, instance:com.api.tests.datadriven.CreateJobApiDataDrivenFakerTest@7f0eb4b4]" name="createJobApiTest" class="com.api.tests.datadriven.CreateJobApiDataDrivenFakerTest"/>
      </group> <!-- regression -->
      <group name="smoke">
        <method signature="CreateJobApiDataDrivenFakerTest.createJobApiTest(com.api.request.model.CreateJobPayload)[pri:0, instance:com.api.tests.datadriven.CreateJobApiDataDrivenFakerTest@7f0eb4b4]" name="createJobApiTest" class="com.api.tests.datadriven.CreateJobApiDataDrivenFakerTest"/>
      </group> <!-- smoke -->
      <group name="api">
        <method signature="CreateJobApiDataDrivenFakerTest.createJobApiTest(com.api.request.model.CreateJobPayload)[pri:0, instance:com.api.tests.datadriven.CreateJobApiDataDrivenFakerTest@7f0eb4b4]" name="createJobApiTest" class="com.api.tests.datadriven.CreateJobApiDataDrivenFakerTest"/>
      </group> <!-- api -->
    </groups>
    <test started-at="2025-11-01T17:33:32 IST" name="Default test" finished-at="2025-11-01T17:33:37 IST" duration-ms="5007">
      <class name="com.api.tests.datadriven.CreateJobApiDataDrivenFakerTest">
        <test-method signature="createJobApiTest(com.api.request.model.CreateJobPayload)[pri:0, instance:com.api.tests.datadriven.CreateJobApiDataDrivenFakerTest@7f0eb4b4]" started-at="2025-11-01T17:33:32 IST" name="createJobApiTest" description="Verifying if create job API giving correct response and able to create Inwarranty job" data-provider="createJobFakeDataProvider" finished-at="2025-11-01T17:33:34 IST" duration-ms="1169" status="PASS">
          <params>
            <param index="0">
              <value>
                <![CDATA[CreateJobPayload[mst_service_location_id=0, mst_platform_id=2, mst_warrenty_status_id=1, mst_oem_id=1, customer=Customer[first_name=Sushma, last_name=Singh, mobile_number=7032672894, mobile_number_alt=7032672894, email_id=akshata.pothuvaal@gmail.com, email_id_alt=mandaakin.khan@yahoo.co.in], customer_address=CustomerAddress[flat_number=20560, apartment_name=Daiwik Club, street_name=Bhagirathi Corners, landmark=Dubashi Isle, area=Kakkar Mills, pincode=69215, country=INDIA, state=Assam], customer_product=CustomerProduct[dop=2025-10-22T12:03:32.842439Z, serial_number=8583744819353516, imei1=8583744819353516, imei2=8583744819353516, popurl=www.shiv-sharma.info, product_id=1, mst_model_id=1], problems=[Problems[id=7, remark=Modi sequi qui ut eos quia adipisci autem alias.]]]]]>
              </value>
            </param>
          </params>
          <reporter-output>
          </reporter-output>
        </test-method> <!-- createJobApiTest -->
        <test-method signature="createJobApiTest(com.api.request.model.CreateJobPayload)[pri:0, instance:com.api.tests.datadriven.CreateJobApiDataDrivenFakerTest@7f0eb4b4]" started-at="2025-11-01T17:33:32 IST" name="createJobApiTest" description="Verifying if create job API giving correct response and able to create Inwarranty job" data-provider="createJobFakeDataProvider" finished-at="2025-11-01T17:33:34 IST" duration-ms="1171" status="PASS">
          <params>
            <param index="0">
              <value>
                <![CDATA[CreateJobPayload[mst_service_location_id=0, mst_platform_id=2, mst_warrenty_status_id=1, mst_oem_id=1, customer=Customer[first_name=Chandramohan, last_name=Deshpande, mobile_number=7045579844, mobile_number_alt=7045579844, email_id=gandharv.malik@yahoo.co.in, email_id_alt=gajabahu.guneta@gmail.com], customer_address=CustomerAddress[flat_number=3570, apartment_name=Suryakant View, street_name=Amodini Camp, landmark=Lila Club, area=Shobhana Loaf, pincode=51437, country=INDIA, state=Orissa], customer_product=CustomerProduct[dop=2025-10-22T12:03:32.836815Z, serial_number=1842426444874866, imei1=1842426444874866, imei2=1842426444874866, popurl=www.aditya-ahluwalia.com, product_id=1, mst_model_id=1], problems=[Problems[id=1, remark=Veniam nostrum praesentium officiis est id ipsa.]]]]]>
              </value>
            </param>
          </params>
          <reporter-output>
          </reporter-output>
        </test-method> <!-- createJobApiTest -->
        <test-method signature="createJobApiTest(com.api.request.model.CreateJobPayload)[pri:0, instance:com.api.tests.datadriven.CreateJobApiDataDrivenFakerTest@7f0eb4b4]" started-at="2025-11-01T17:33:32 IST" name="createJobApiTest" description="Verifying if create job API giving correct response and able to create Inwarranty job" data-provider="createJobFakeDataProvider" finished-at="2025-11-01T17:33:34 IST" duration-ms="1169" status="PASS">
          <params>
            <param index="0">
              <value>
                <![CDATA[CreateJobPayload[mst_service_location_id=0, mst_platform_id=2, mst_warrenty_status_id=1, mst_oem_id=1, customer=Customer[first_name=Anang, last_name=Dutta, mobile_number=7074236704, mobile_number_alt=7074236704, email_id=shivakari.pilla@yahoo.co.in, email_id_alt=kartik.malik@gmail.com], customer_address=CustomerAddress[flat_number=2951, apartment_name=Mukhopadhyay Expressway, street_name=Aanjaneya Fort, landmark=Embranthiri Rest, area=Mandaakin Gateway, pincode=08532, country=INDIA, state=Maharashtra], customer_product=CustomerProduct[dop=2025-10-22T12:03:32.843025Z, serial_number=0908328954417354, imei1=0908328954417354, imei2=0908328954417354, popurl=www.balamani-pillai.com, product_id=1, mst_model_id=1], problems=[Problems[id=17, remark=Tempora et in aut et commodi occaecati ut eos porro.]]]]]>
              </value>
            </param>
          </params>
          <reporter-output>
          </reporter-output>
        </test-method> <!-- createJobApiTest -->
        <test-method signature="createJobApiTest(com.api.request.model.CreateJobPayload)[pri:0, instance:com.api.tests.datadriven.CreateJobApiDataDrivenFakerTest@7f0eb4b4]" started-at="2025-11-01T17:33:32 IST" name="createJobApiTest" description="Verifying if create job API giving correct response and able to create Inwarranty job" data-provider="createJobFakeDataProvider" finished-at="2025-11-01T17:33:34 IST" duration-ms="1168" status="PASS">
          <params>
            <param index="0">
              <value>
                <![CDATA[CreateJobPayload[mst_service_location_id=0, mst_platform_id=2, mst_warrenty_status_id=1, mst_oem_id=1, customer=Customer[first_name=Baala, last_name=Jain, mobile_number=7065912139, mobile_number_alt=7065912139, email_id=vedanshi.patil@gmail.com, email_id_alt=amodini.dwivedi@gmail.com], customer_address=CustomerAddress[flat_number=0272, apartment_name=Swara Mission, street_name=Dhyanesh Trafficway, landmark=Saini Freeway, area=Reddy Drives, pincode=00290, country=INDIA, state=Pondicherry], customer_product=CustomerProduct[dop=2025-10-22T12:03:32.844136Z, serial_number=9796261921993785, imei1=9796261921993785, imei2=9796261921993785, popurl=www.ambar-iyer.org, product_id=1, mst_model_id=1], problems=[Problems[id=27, remark=Id tempora nisi quasi labore.]]]]]>
              </value>
            </param>
          </params>
          <reporter-output>
          </reporter-output>
        </test-method> <!-- createJobApiTest -->
        <test-method signature="createJobApiTest(com.api.request.model.CreateJobPayload)[pri:0, instance:com.api.tests.datadriven.CreateJobApiDataDrivenFakerTest@7f0eb4b4]" started-at="2025-11-01T17:33:32 IST" name="createJobApiTest" description="Verifying if create job API giving correct response and able to create Inwarranty job" data-provider="createJobFakeDataProvider" finished-at="2025-11-01T17:33:34 IST" duration-ms="1172" status="PASS">
          <params>
            <param index="0">
              <value>
                <![CDATA[CreateJobPayload[mst_service_location_id=0, mst_platform_id=2, mst_warrenty_status_id=1, mst_oem_id=1, customer=Customer[first_name=Himadri, last_name=Dhawan, mobile_number=7013758287, mobile_number_alt=7013758287, email_id=sarada.banerjee@yahoo.co.in, email_id_alt=naveen.bhattathiri@yahoo.co.in], customer_address=CustomerAddress[flat_number=493, apartment_name=Kaul Meadow, street_name=Tandon Corner, landmark=Som Haven, area=Embranthiri Ford, pincode=57603, country=INDIA, state=Manipur], customer_product=CustomerProduct[dop=2025-10-22T12:03:32.845275Z, serial_number=0694425040333032, imei1=0694425040333032, imei2=0694425040333032, popurl=www.bahula-asan.name, product_id=1, mst_model_id=1], problems=[Problems[id=10, remark=Eos aut aliquid est architecto et molestiae.]]]]]>
              </value>
            </param>
          </params>
          <reporter-output>
          </reporter-output>
        </test-method> <!-- createJobApiTest -->
        <test-method signature="createJobApiTest(com.api.request.model.CreateJobPayload)[pri:0, instance:com.api.tests.datadriven.CreateJobApiDataDrivenFakerTest@7f0eb4b4]" started-at="2025-11-01T17:33:32 IST" name="createJobApiTest" description="Verifying if create job API giving correct response and able to create Inwarranty job" data-provider="createJobFakeDataProvider" finished-at="2025-11-01T17:33:34 IST" duration-ms="1169" status="PASS">
          <params>
            <param index="0">
              <value>
                <![CDATA[CreateJobPayload[mst_service_location_id=0, mst_platform_id=2, mst_warrenty_status_id=1, mst_oem_id=1, customer=Customer[first_name=Chaten, last_name=Shah, mobile_number=7069812628, mobile_number_alt=7069812628, email_id=trilokanath.panicker@gmail.com, email_id_alt=deependra.shah@hotmail.com], customer_address=CustomerAddress[flat_number=37465, apartment_name=Namboothiri Fields, street_name=Anilabh Summit, landmark=Ahluwalia Village, area=Desai Ports, pincode=26825, country=INDIA, state=Himachal Pradesh], customer_product=CustomerProduct[dop=2025-10-22T12:03:32.844880Z, serial_number=9707100502235963, imei1=9707100502235963, imei2=9707100502235963, popurl=www.ekaaksh-guneta.net, product_id=1, mst_model_id=1], problems=[Problems[id=27, remark=Molestiae earum provident beatae qui explicabo.]]]]]>
              </value>
            </param>
          </params>
          <reporter-output>
          </reporter-output>
        </test-method> <!-- createJobApiTest -->
        <test-method signature="createJobApiTest(com.api.request.model.CreateJobPayload)[pri:0, instance:com.api.tests.datadriven.CreateJobApiDataDrivenFakerTest@7f0eb4b4]" started-at="2025-11-01T17:33:32 IST" name="createJobApiTest" description="Verifying if create job API giving correct response and able to create Inwarranty job" data-provider="createJobFakeDataProvider" finished-at="2025-11-01T17:33:34 IST" duration-ms="1170" status="PASS">
          <params>
            <param index="0">
              <value>
                <![CDATA[CreateJobPayload[mst_service_location_id=0, mst_platform_id=2, mst_warrenty_status_id=1, mst_oem_id=1, customer=Customer[first_name=Bilva, last_name=Khan, mobile_number=7083926413, mobile_number_alt=7083926413, email_id=devani.dubashi@hotmail.com, email_id_alt=nimit.talwar@hotmail.com], customer_address=CustomerAddress[flat_number=4087, apartment_name=Khatri Avenue, street_name=Adiga Run, landmark=Adhiraj Village, area=Bhadran Run, pincode=65046, country=INDIA, state=Andhra Pradesh], customer_product=CustomerProduct[dop=2025-10-22T12:03:32.844500Z, serial_number=9338713324592323, imei1=9338713324592323, imei2=9338713324592323, popurl=www.sarla-chattopadhyay.in, product_id=1, mst_model_id=1], problems=[Problems[id=27, remark=Et expedita dolorum culpa iure ratione.]]]]]>
              </value>
            </param>
          </params>
          <reporter-output>
          </reporter-output>
        </test-method> <!-- createJobApiTest -->
        <test-method signature="createJobApiTest(com.api.request.model.CreateJobPayload)[pri:0, instance:com.api.tests.datadriven.CreateJobApiDataDrivenFakerTest@7f0eb4b4]" started-at="2025-11-01T17:33:32 IST" name="createJobApiTest" description="Verifying if create job API giving correct response and able to create Inwarranty job" data-provider="createJobFakeDataProvider" finished-at="2025-11-01T17:33:34 IST" duration-ms="1171" status="PASS">
          <params>
            <param index="0">
              <value>
                <![CDATA[CreateJobPayload[mst_service_location_id=0, mst_platform_id=2, mst_warrenty_status_id=1, mst_oem_id=1, customer=Customer[first_name=Lai, last_name=Gowda, mobile_number=7015323514, mobile_number_alt=7015323514, email_id=jagdeep.chattopadhyay@yahoo.co.in, email_id_alt=gouranga.khatri@yahoo.co.in], customer_address=CustomerAddress[flat_number=693, apartment_name=Talwar Shore, street_name=Bhaanumati Gardens, landmark=Reddy Ferry, area=Pothuvaal Turnpike, pincode=02440, country=INDIA, state=Punjab], customer_product=CustomerProduct[dop=2025-10-22T12:03:32.843589Z, serial_number=7248161013140037, imei1=7248161013140037, imei2=7248161013140037, popurl=www.abhaidev-kaniyar.net, product_id=1, mst_model_id=1], problems=[Problems[id=2, remark=Vitae quas nemo sunt sapiente ab debitis maxime dolor enim.]]]]]>
              </value>
            </param>
          </params>
          <reporter-output>
          </reporter-output>
        </test-method> <!-- createJobApiTest -->
        <test-method signature="createJobApiTest(com.api.request.model.CreateJobPayload)[pri:0, instance:com.api.tests.datadriven.CreateJobApiDataDrivenFakerTest@7f0eb4b4]" started-at="2025-11-01T17:33:32 IST" name="createJobApiTest" description="Verifying if create job API giving correct response and able to create Inwarranty job" data-provider="createJobFakeDataProvider" finished-at="2025-11-01T17:33:34 IST" duration-ms="1167" status="PASS">
          <params>
            <param index="0">
              <value>
                <![CDATA[CreateJobPayload[mst_service_location_id=0, mst_platform_id=2, mst_warrenty_status_id=1, mst_oem_id=1, customer=Customer[first_name=Chandini, last_name=Deshpande, mobile_number=7008636584, mobile_number_alt=7008636584, email_id=esha.sharma@yahoo.co.in, email_id_alt=chandrakala.arora@yahoo.co.in], customer_address=CustomerAddress[flat_number=3575, apartment_name=Mukhopadhyay Falls, street_name=Manjusha Well, landmark=Chaturaanan Pines, area=Mahajan Ridges, pincode=24098, country=INDIA, state=Karnataka], customer_product=CustomerProduct[dop=2025-10-22T12:03:32.841865Z, serial_number=8665469939508879, imei1=8665469939508879, imei2=8665469939508879, popurl=www.trilochana-jain.biz, product_id=1, mst_model_id=1], problems=[Problems[id=27, remark=Harum sapiente explicabo quo ut.]]]]]>
              </value>
            </param>
          </params>
          <reporter-output>
          </reporter-output>
        </test-method> <!-- createJobApiTest -->
        <test-method signature="createJobApiTest(com.api.request.model.CreateJobPayload)[pri:0, instance:com.api.tests.datadriven.CreateJobApiDataDrivenFakerTest@7f0eb4b4]" started-at="2025-11-01T17:33:32 IST" name="createJobApiTest" description="Verifying if create job API giving correct response and able to create Inwarranty job" data-provider="createJobFakeDataProvider" finished-at="2025-11-01T17:33:34 IST" duration-ms="1170" status="PASS">
          <params>
            <param index="0">
              <value>
                <![CDATA[CreateJobPayload[mst_service_location_id=0, mst_platform_id=2, mst_warrenty_status_id=1, mst_oem_id=1, customer=Customer[first_name=Chandramauli, last_name=Joshi, mobile_number=7083356475, mobile_number_alt=7083356475, email_id=mangalya.asan@yahoo.co.in, email_id_alt=meghnad.prajapat@yahoo.co.in], customer_address=CustomerAddress[flat_number=529, apartment_name=Bodhan Garden, street_name=Bakula Fall, landmark=Devar Islands, area=Kapoor Island, pincode=41607, country=INDIA, state=Andaman and Nicobar Islands], customer_product=CustomerProduct[dop=2025-10-22T12:03:32.841194Z, serial_number=9113875868468516, imei1=9113875868468516, imei2=9113875868468516, popurl=www.devika-tagore.com, product_id=1, mst_model_id=1], problems=[Problems[id=12, remark=Qui laborum deleniti consequatur illum quae.]]]]]>
              </value>
            </param>
          </params>
          <reporter-output>
          </reporter-output>
        </test-method> <!-- createJobApiTest -->
        <test-method signature="createJobApiTest(com.api.request.model.CreateJobPayload)[pri:0, instance:com.api.tests.datadriven.CreateJobApiDataDrivenFakerTest@7f0eb4b4]" started-at="2025-11-01T17:33:34 IST" name="createJobApiTest" description="Verifying if create job API giving correct response and able to create Inwarranty job" data-provider="createJobFakeDataProvider" finished-at="2025-11-01T17:33:34 IST" duration-ms="516" status="PASS">
          <params>
            <param index="0">
              <value>
                <![CDATA[CreateJobPayload[mst_service_location_id=0, mst_platform_id=2, mst_warrenty_status_id=1, mst_oem_id=1, customer=Customer[first_name=Divjot, last_name=Patel, mobile_number=7010013685, mobile_number_alt=7010013685, email_id=apsara.mishra@hotmail.com, email_id_alt=anshula.patel@gmail.com], customer_address=CustomerAddress[flat_number=903, apartment_name=Ekalavya Camp, street_name=Nambeesan Port, landmark=Bhuvanesh Mission, area=Bhattathiri Cliffs, pincode=10213, country=INDIA, state=Jharkhand], customer_product=CustomerProduct[dop=2025-10-22T12:03:32.846685Z, serial_number=5592629640133036, imei1=5592629640133036, imei2=5592629640133036, popurl=www.amrita-singh.com, product_id=1, mst_model_id=1], problems=[Problems[id=8, remark=Voluptatem alias iure modi occaecati dolores perspiciatis nobis nihil.]]]]]>
              </value>
            </param>
          </params>
          <reporter-output>
          </reporter-output>
        </test-method> <!-- createJobApiTest -->
        <test-method signature="createJobApiTest(com.api.request.model.CreateJobPayload)[pri:0, instance:com.api.tests.datadriven.CreateJobApiDataDrivenFakerTest@7f0eb4b4]" started-at="2025-11-01T17:33:34 IST" name="createJobApiTest" description="Verifying if create job API giving correct response and able to create Inwarranty job" data-provider="createJobFakeDataProvider" finished-at="2025-11-01T17:33:34 IST" duration-ms="459" status="PASS">
          <params>
            <param index="0">
              <value>
                <![CDATA[CreateJobPayload[mst_service_location_id=0, mst_platform_id=2, mst_warrenty_status_id=1, mst_oem_id=1, customer=Customer[first_name=Mani, last_name=Gill, mobile_number=7014997821, mobile_number_alt=7014997821, email_id=bhadran.jain@yahoo.co.in, email_id_alt=kumuda.chattopadhyay@gmail.com], customer_address=CustomerAddress[flat_number=891, apartment_name=Mahajan Circle, street_name=Sharma Haven, landmark=Devi Shore, area=Anuraag Parks, pincode=16187, country=INDIA, state=Chandigarh], customer_product=CustomerProduct[dop=2025-10-22T12:03:32.846360Z, serial_number=5602140882882201, imei1=5602140882882201, imei2=5602140882882201, popurl=www.ujjawal-khatri.net, product_id=1, mst_model_id=1], problems=[Problems[id=22, remark=At occaecati blanditiis quia ut sapiente sint ea dolores modi.]]]]]>
              </value>
            </param>
          </params>
          <reporter-output>
          </reporter-output>
        </test-method> <!-- createJobApiTest -->
        <test-method signature="createJobApiTest(com.api.request.model.CreateJobPayload)[pri:0, instance:com.api.tests.datadriven.CreateJobApiDataDrivenFakerTest@7f0eb4b4]" started-at="2025-11-01T17:33:34 IST" name="createJobApiTest" description="Verifying if create job API giving correct response and able to create Inwarranty job" data-provider="createJobFakeDataProvider" finished-at="2025-11-01T17:33:34 IST" duration-ms="514" status="PASS">
          <params>
            <param index="0">
              <value>
                <![CDATA[CreateJobPayload[mst_service_location_id=0, mst_platform_id=2, mst_warrenty_status_id=1, mst_oem_id=1, customer=Customer[first_name=Anish, last_name=Guha, mobile_number=7075702719, mobile_number_alt=7075702719, email_id=ayushmati.pandey@yahoo.co.in, email_id_alt=kannan.nair@hotmail.com], customer_address=CustomerAddress[flat_number=7852, apartment_name=Banerjee Spurs, street_name=Daksha Stream, landmark=Desai Mills, area=Gill Courts, pincode=00932, country=INDIA, state=Rajasthan], customer_product=CustomerProduct[dop=2025-10-22T12:03:32.845665Z, serial_number=2190027374014325, imei1=2190027374014325, imei2=2190027374014325, popurl=www.krishna-sharma.com, product_id=1, mst_model_id=1], problems=[Problems[id=3, remark=Voluptatem alias et sequi est quae.]]]]]>
              </value>
            </param>
          </params>
          <reporter-output>
          </reporter-output>
        </test-method> <!-- createJobApiTest -->
        <test-method signature="createJobApiTest(com.api.request.model.CreateJobPayload)[pri:0, instance:com.api.tests.datadriven.CreateJobApiDataDrivenFakerTest@7f0eb4b4]" started-at="2025-11-01T17:33:34 IST" name="createJobApiTest" description="Verifying if create job API giving correct response and able to create Inwarranty job" data-provider="createJobFakeDataProvider" finished-at="2025-11-01T17:33:34 IST" duration-ms="514" status="PASS">
          <params>
            <param index="0">
              <value>
                <![CDATA[CreateJobPayload[mst_service_location_id=0, mst_platform_id=2, mst_warrenty_status_id=1, mst_oem_id=1, customer=Customer[first_name=Ekdant, last_name=Mehrotra, mobile_number=7014842407, mobile_number_alt=7014842407, email_id=raj.dwivedi@hotmail.com, email_id_alt=adripathi.bandopadhyay@yahoo.co.in], customer_address=CustomerAddress[flat_number=6963, apartment_name=Pilla Cove, street_name=Vasudev Shore, landmark=Datta Throughway, area=Ekdant Roads, pincode=02221, country=INDIA, state=Dadar and Nagar Haveli], customer_product=CustomerProduct[dop=2025-10-22T12:03:32.846013Z, serial_number=1587066256411051, imei1=1587066256411051, imei2=1587066256411051, popurl=www.aatmaja-namboothiri.net, product_id=1, mst_model_id=1], problems=[Problems[id=1, remark=Molestiae eos id iure a qui.]]]]]>
              </value>
            </param>
          </params>
          <reporter-output>
          </reporter-output>
        </test-method> <!-- createJobApiTest -->
        <test-method signature="createJobApiTest(com.api.request.model.CreateJobPayload)[pri:0, instance:com.api.tests.datadriven.CreateJobApiDataDrivenFakerTest@7f0eb4b4]" started-at="2025-11-01T17:33:34 IST" name="createJobApiTest" description="Verifying if create job API giving correct response and able to create Inwarranty job" data-provider="createJobFakeDataProvider" finished-at="2025-11-01T17:33:34 IST" duration-ms="518" status="PASS">
          <params>
            <param index="0">
              <value>
                <![CDATA[CreateJobPayload[mst_service_location_id=0, mst_platform_id=2, mst_warrenty_status_id=1, mst_oem_id=1, customer=Customer[first_name=Sitara, last_name=Patil, mobile_number=7052505264, mobile_number_alt=7052505264, email_id=chandraprabha.iyer@hotmail.com, email_id_alt=devajyoti.shukla@yahoo.co.in], customer_address=CustomerAddress[flat_number=65355, apartment_name=Mangala Forks, street_name=Talwar Drives, landmark=Abhaya Plaza, area=Desai Spring, pincode=64332, country=INDIA, state=Sikkim], customer_product=CustomerProduct[dop=2025-10-22T12:03:32.847336Z, serial_number=8149960536299288, imei1=8149960536299288, imei2=8149960536299288, popurl=www.geetanjali-sethi.org, product_id=1, mst_model_id=1], problems=[Problems[id=3, remark=Eos et iste illo tempora rerum voluptatum.]]]]]>
              </value>
            </param>
          </params>
          <reporter-output>
          </reporter-output>
        </test-method> <!-- createJobApiTest -->
        <test-method signature="createJobApiTest(com.api.request.model.CreateJobPayload)[pri:0, instance:com.api.tests.datadriven.CreateJobApiDataDrivenFakerTest@7f0eb4b4]" started-at="2025-11-01T17:33:34 IST" name="createJobApiTest" description="Verifying if create job API giving correct response and able to create Inwarranty job" data-provider="createJobFakeDataProvider" finished-at="2025-11-01T17:33:34 IST" duration-ms="458" status="PASS">
          <params>
            <param index="0">
              <value>
                <![CDATA[CreateJobPayload[mst_service_location_id=0, mst_platform_id=2, mst_warrenty_status_id=1, mst_oem_id=1, customer=Customer[first_name=Baijayanti, last_name=Mahajan, mobile_number=7029583154, mobile_number_alt=7029583154, email_id=lavanya.devar@hotmail.com, email_id_alt=jagadish.ganaka@gmail.com], customer_address=CustomerAddress[flat_number=895, apartment_name=Ahuja Roads, street_name=Rohana Lodge, landmark=Chandraprabha Mount, area=Verma Point, pincode=77393, country=INDIA, state=Dadar and Nagar Haveli], customer_product=CustomerProduct[dop=2025-10-22T12:03:32.847016Z, serial_number=1231746217864803, imei1=1231746217864803, imei2=1231746217864803, popurl=www.chetanaanand-achari.org, product_id=1, mst_model_id=1], problems=[Problems[id=10, remark=Debitis dicta et impedit nihil consectetur saepe et sit.]]]]]>
              </value>
            </param>
          </params>
          <reporter-output>
          </reporter-output>
        </test-method> <!-- createJobApiTest -->
        <test-method signature="createJobApiTest(com.api.request.model.CreateJobPayload)[pri:0, instance:com.api.tests.datadriven.CreateJobApiDataDrivenFakerTest@7f0eb4b4]" started-at="2025-11-01T17:33:34 IST" name="createJobApiTest" description="Verifying if create job API giving correct response and able to create Inwarranty job" data-provider="createJobFakeDataProvider" finished-at="2025-11-01T17:33:34 IST" duration-ms="510" status="PASS">
          <params>
            <param index="0">
              <value>
                <![CDATA[CreateJobPayload[mst_service_location_id=0, mst_platform_id=2, mst_warrenty_status_id=1, mst_oem_id=1, customer=Customer[first_name=Mukul, last_name=Kocchar, mobile_number=7080891353, mobile_number_alt=7080891353, email_id=dhanapati.banerjee@yahoo.co.in, email_id_alt=agnimitra.pilla@yahoo.co.in], customer_address=CustomerAddress[flat_number=60638, apartment_name=Nayar Circle, street_name=Acharyasuta Turnpike, landmark=Indra Neck, area=Dutta Mountains, pincode=56582, country=INDIA, state=Delhi], customer_product=CustomerProduct[dop=2025-10-22T12:03:32.847651Z, serial_number=9386891771846585, imei1=9386891771846585, imei2=9386891771846585, popurl=www.devak-abbott.com, product_id=1, mst_model_id=1], problems=[Problems[id=22, remark=Nesciunt harum ratione vel accusantium quis odit vel.]]]]]>
              </value>
            </param>
          </params>
          <reporter-output>
          </reporter-output>
        </test-method> <!-- createJobApiTest -->
        <test-method signature="createJobApiTest(com.api.request.model.CreateJobPayload)[pri:0, instance:com.api.tests.datadriven.CreateJobApiDataDrivenFakerTest@7f0eb4b4]" started-at="2025-11-01T17:33:34 IST" name="createJobApiTest" description="Verifying if create job API giving correct response and able to create Inwarranty job" data-provider="createJobFakeDataProvider" finished-at="2025-11-01T17:33:34 IST" duration-ms="474" status="PASS">
          <params>
            <param index="0">
              <value>
                <![CDATA[CreateJobPayload[mst_service_location_id=0, mst_platform_id=2, mst_warrenty_status_id=1, mst_oem_id=1, customer=Customer[first_name=Satyen, last_name=Ganaka, mobile_number=7094816215, mobile_number_alt=7094816215, email_id=diksha.varma@hotmail.com, email_id_alt=vedanshi.banerjee@hotmail.com], customer_address=CustomerAddress[flat_number=17425, apartment_name=Bhargavi Rapid, street_name=Sethi Passage, landmark=Khanna Locks, area=Kalinda Ports, pincode=28252, country=INDIA, state=Sikkim], customer_product=CustomerProduct[dop=2025-10-22T12:03:32.847940Z, serial_number=3379986357580324, imei1=3379986357580324, imei2=3379986357580324, popurl=www.bhaasvan-nehru.in, product_id=1, mst_model_id=1], problems=[Problems[id=7, remark=Vel vitae vel sed et et.]]]]]>
              </value>
            </param>
          </params>
          <reporter-output>
          </reporter-output>
        </test-method> <!-- createJobApiTest -->
        <test-method signature="createJobApiTest(com.api.request.model.CreateJobPayload)[pri:0, instance:com.api.tests.datadriven.CreateJobApiDataDrivenFakerTest@7f0eb4b4]" started-at="2025-11-01T17:33:34 IST" name="createJobApiTest" description="Verifying if create job API giving correct response and able to create Inwarranty job" data-provider="createJobFakeDataProvider" finished-at="2025-11-01T17:33:34 IST" duration-ms="478" status="PASS">
          <params>
            <param index="0">
              <value>
                <![CDATA[CreateJobPayload[mst_service_location_id=0, mst_platform_id=2, mst_warrenty_status_id=1, mst_oem_id=1, customer=Customer[first_name=Shubhaprada, last_name=Johar, mobile_number=7079702193, mobile_number_alt=7079702193, email_id=enakshi.gandhi@hotmail.com, email_id_alt=rahul.varma@yahoo.co.in], customer_address=CustomerAddress[flat_number=3303, apartment_name=Singh Place, street_name=Tandon Lane, landmark=Patil Roads, area=Abhaidev Ridge, pincode=38489, country=INDIA, state=Mizoram], customer_product=CustomerProduct[dop=2025-10-22T12:03:32.848248Z, serial_number=0848140860135915, imei1=0848140860135915, imei2=0848140860135915, popurl=www.anilaabh-mehrotra.info, product_id=1, mst_model_id=1], problems=[Problems[id=4, remark=Ab ab vel nobis ut et in.]]]]]>
              </value>
            </param>
          </params>
          <reporter-output>
          </reporter-output>
        </test-method> <!-- createJobApiTest -->
        <test-method signature="createJobApiTest(com.api.request.model.CreateJobPayload)[pri:0, instance:com.api.tests.datadriven.CreateJobApiDataDrivenFakerTest@7f0eb4b4]" started-at="2025-11-01T17:33:34 IST" name="createJobApiTest" description="Verifying if create job API giving correct response and able to create Inwarranty job" data-provider="createJobFakeDataProvider" finished-at="2025-11-01T17:33:34 IST" duration-ms="510" status="PASS">
          <params>
            <param index="0">
              <value>
                <![CDATA[CreateJobPayload[mst_service_location_id=0, mst_platform_id=2, mst_warrenty_status_id=1, mst_oem_id=1, customer=Customer[first_name=Bhavani, last_name=Jain, mobile_number=7016508966, mobile_number_alt=7016508966, email_id=chandrabhaga.adiga@hotmail.com, email_id_alt=deeptimoy.pandey@hotmail.com], customer_address=CustomerAddress[flat_number=40181, apartment_name=Menon Parkway, street_name=Nayar Valleys, landmark=Pandey Turnpike, area=Chetanaanand Burg, pincode=11001, country=INDIA, state=Sikkim], customer_product=CustomerProduct[dop=2025-10-22T12:03:32.848544Z, serial_number=9716957171628429, imei1=9716957171628429, imei2=9716957171628429, popurl=www.bhagwati-bhat.net, product_id=1, mst_model_id=1], problems=[Problems[id=29, remark=Laboriosam saepe vero aut consectetur.]]]]]>
              </value>
            </param>
          </params>
          <reporter-output>
          </reporter-output>
        </test-method> <!-- createJobApiTest -->
        <test-method signature="createJobApiTest(com.api.request.model.CreateJobPayload)[pri:0, instance:com.api.tests.datadriven.CreateJobApiDataDrivenFakerTest@7f0eb4b4]" started-at="2025-11-01T17:33:34 IST" name="createJobApiTest" description="Verifying if create job API giving correct response and able to create Inwarranty job" data-provider="createJobFakeDataProvider" finished-at="2025-11-01T17:33:34 IST" duration-ms="466" status="PASS">
          <params>
            <param index="0">
              <value>
                <![CDATA[CreateJobPayload[mst_service_location_id=0, mst_platform_id=2, mst_warrenty_status_id=1, mst_oem_id=1, customer=Customer[first_name=Oormila, last_name=Sethi, mobile_number=7083982516, mobile_number_alt=7083982516, email_id=bhudev.agarwal@hotmail.com, email_id_alt=ahalya.patel@gmail.com], customer_address=CustomerAddress[flat_number=880, apartment_name=Varma Highway, street_name=Talwar Brooks, landmark=Dhawan Skyway, area=Nair Club, pincode=57777, country=INDIA, state=Lakshadweep], customer_product=CustomerProduct[dop=2025-10-22T12:03:32.849120Z, serial_number=8265922542956740, imei1=8265922542956740, imei2=8265922542956740, popurl=www.vaidehi-embranthiri.co.in, product_id=1, mst_model_id=1], problems=[Problems[id=10, remark=Voluptas et quia ut consequatur qui et.]]]]]>
              </value>
            </param>
          </params>
          <reporter-output>
          </reporter-output>
        </test-method> <!-- createJobApiTest -->
        <test-method signature="createJobApiTest(com.api.request.model.CreateJobPayload)[pri:0, instance:com.api.tests.datadriven.CreateJobApiDataDrivenFakerTest@7f0eb4b4]" started-at="2025-11-01T17:33:34 IST" name="createJobApiTest" description="Verifying if create job API giving correct response and able to create Inwarranty job" data-provider="createJobFakeDataProvider" finished-at="2025-11-01T17:33:34 IST" duration-ms="309" status="PASS">
          <params>
            <param index="0">
              <value>
                <![CDATA[CreateJobPayload[mst_service_location_id=0, mst_platform_id=2, mst_warrenty_status_id=1, mst_oem_id=1, customer=Customer[first_name=Jyotis, last_name=Patil, mobile_number=7030657705, mobile_number_alt=7030657705, email_id=vishwamitra.kaniyar@gmail.com, email_id_alt=rakesh.bhattathiri@hotmail.com], customer_address=CustomerAddress[flat_number=2733, apartment_name=Madhuri Roads, street_name=Trivedi Neck, landmark=Shah Groves, area=Joshi Plaza, pincode=72722, country=INDIA, state=Dadar and Nagar Haveli], customer_product=CustomerProduct[dop=2025-10-22T12:03:32.848814Z, serial_number=9454468158763864, imei1=9454468158763864, imei2=9454468158763864, popurl=www.prasanna-nambeesan.name, product_id=1, mst_model_id=1], problems=[Problems[id=1, remark=Et adipisci omnis dolores laudantium omnis omnis nulla.]]]]]>
              </value>
            </param>
          </params>
          <reporter-output>
          </reporter-output>
        </test-method> <!-- createJobApiTest -->
        <test-method signature="createJobApiTest(com.api.request.model.CreateJobPayload)[pri:0, instance:com.api.tests.datadriven.CreateJobApiDataDrivenFakerTest@7f0eb4b4]" started-at="2025-11-01T17:33:34 IST" name="createJobApiTest" description="Verifying if create job API giving correct response and able to create Inwarranty job" data-provider="createJobFakeDataProvider" finished-at="2025-11-01T17:33:34 IST" duration-ms="445" status="PASS">
          <params>
            <param index="0">
              <value>
                <![CDATA[CreateJobPayload[mst_service_location_id=0, mst_platform_id=2, mst_warrenty_status_id=1, mst_oem_id=1, customer=Customer[first_name=Diptendu, last_name=Khanna, mobile_number=7089744488, mobile_number_alt=7089744488, email_id=kanak.agarwal@hotmail.com, email_id_alt=vasudev.mukhopadhyay@gmail.com], customer_address=CustomerAddress[flat_number=40835, apartment_name=Anang Locks, street_name=Ojaswini Turnpike, landmark=Ahuja Field, area=Aayushmaan Plain, pincode=37149, country=INDIA, state=Kerala], customer_product=CustomerProduct[dop=2025-10-22T12:03:32.849399Z, serial_number=3117535892644394, imei1=3117535892644394, imei2=3117535892644394, popurl=www.somnath-johar.net, product_id=1, mst_model_id=1], problems=[Problems[id=16, remark=A voluptatibus officia aspernatur dolor aspernatur commodi dolorum.]]]]]>
              </value>
            </param>
          </params>
          <reporter-output>
          </reporter-output>
        </test-method> <!-- createJobApiTest -->
        <test-method signature="createJobApiTest(com.api.request.model.CreateJobPayload)[pri:0, instance:com.api.tests.datadriven.CreateJobApiDataDrivenFakerTest@7f0eb4b4]" started-at="2025-11-01T17:33:34 IST" name="createJobApiTest" description="Verifying if create job API giving correct response and able to create Inwarranty job" data-provider="createJobFakeDataProvider" finished-at="2025-11-01T17:33:34 IST" duration-ms="439" status="PASS">
          <params>
            <param index="0">
              <value>
                <![CDATA[CreateJobPayload[mst_service_location_id=0, mst_platform_id=2, mst_warrenty_status_id=1, mst_oem_id=1, customer=Customer[first_name=Chapal, last_name=Saini, mobile_number=7026183669, mobile_number_alt=7026183669, email_id=gajaadhar.mehra@yahoo.co.in, email_id_alt=adinath.kaniyar@gmail.com], customer_address=CustomerAddress[flat_number=6074, apartment_name=Marar Flat, street_name=Nayar Knolls, landmark=Dev Road, area=Yoginder Inlet, pincode=32842, country=INDIA, state=Tamil Nadu], customer_product=CustomerProduct[dop=2025-10-22T12:03:32.849646Z, serial_number=4642895496058122, imei1=4642895496058122, imei2=4642895496058122, popurl=www.shashi-varrier.name, product_id=1, mst_model_id=1], problems=[Problems[id=3, remark=Ducimus accusantium harum consectetur architecto est.]]]]]>
              </value>
            </param>
          </params>
          <reporter-output>
          </reporter-output>
        </test-method> <!-- createJobApiTest -->
        <test-method signature="createJobApiTest(com.api.request.model.CreateJobPayload)[pri:0, instance:com.api.tests.datadriven.CreateJobApiDataDrivenFakerTest@7f0eb4b4]" started-at="2025-11-01T17:33:34 IST" name="createJobApiTest" description="Verifying if create job API giving correct response and able to create Inwarranty job" data-provider="createJobFakeDataProvider" finished-at="2025-11-01T17:33:34 IST" duration-ms="411" status="PASS">
          <params>
            <param index="0">
              <value>
                <![CDATA[CreateJobPayload[mst_service_location_id=0, mst_platform_id=2, mst_warrenty_status_id=1, mst_oem_id=1, customer=Customer[first_name=Dev, last_name=Dhawan, mobile_number=7017259678, mobile_number_alt=7017259678, email_id=divakar.guneta@gmail.com, email_id_alt=chakrika.mishra@gmail.com], customer_address=CustomerAddress[flat_number=53197, apartment_name=Vyas Vista, street_name=Ananda Streets, landmark=Vasanti Crescent, area=Ganaka Expressway, pincode=78806, country=INDIA, state=Andaman and Nicobar Islands], customer_product=CustomerProduct[dop=2025-10-22T12:03:32.850259Z, serial_number=1887123349833251, imei1=1887123349833251, imei2=1887123349833251, popurl=www.ankal-agarwal.net, product_id=1, mst_model_id=1], problems=[Problems[id=20, remark=Ut similique qui optio dicta est distinctio.]]]]]>
              </value>
            </param>
          </params>
          <reporter-output>
          </reporter-output>
        </test-method> <!-- createJobApiTest -->
        <test-method signature="createJobApiTest(com.api.request.model.CreateJobPayload)[pri:0, instance:com.api.tests.datadriven.CreateJobApiDataDrivenFakerTest@7f0eb4b4]" started-at="2025-11-01T17:33:34 IST" name="createJobApiTest" description="Verifying if create job API giving correct response and able to create Inwarranty job" data-provider="createJobFakeDataProvider" finished-at="2025-11-01T17:33:34 IST" duration-ms="423" status="PASS">
          <params>
            <param index="0">
              <value>
                <![CDATA[CreateJobPayload[mst_service_location_id=0, mst_platform_id=2, mst_warrenty_status_id=1, mst_oem_id=1, customer=Customer[first_name=Chanda, last_name=Mehra, mobile_number=7032225600, mobile_number_alt=7032225600, email_id=dayamayee.khatri@hotmail.com, email_id_alt=dulari.patel@hotmail.com], customer_address=CustomerAddress[flat_number=531, apartment_name=Anshula Creek, street_name=Chandraayan Junctions, landmark=Trivedi Corner, area=Mehrotra Mission, pincode=53628, country=INDIA, state=Karnataka], customer_product=CustomerProduct[dop=2025-10-22T12:03:32.850486Z, serial_number=3755624198732455, imei1=3755624198732455, imei2=3755624198732455, popurl=www.indira-dutta.info, product_id=1, mst_model_id=1], problems=[Problems[id=11, remark=Dignissimos minus qui explicabo et placeat eveniet assumenda.]]]]]>
              </value>
            </param>
          </params>
          <reporter-output>
          </reporter-output>
        </test-method> <!-- createJobApiTest -->
        <test-method signature="createJobApiTest(com.api.request.model.CreateJobPayload)[pri:0, instance:com.api.tests.datadriven.CreateJobApiDataDrivenFakerTest@7f0eb4b4]" started-at="2025-11-01T17:33:34 IST" name="createJobApiTest" description="Verifying if create job API giving correct response and able to create Inwarranty job" data-provider="createJobFakeDataProvider" finished-at="2025-11-01T17:33:34 IST" duration-ms="410" status="PASS">
          <params>
            <param index="0">
              <value>
                <![CDATA[CreateJobPayload[mst_service_location_id=0, mst_platform_id=2, mst_warrenty_status_id=1, mst_oem_id=1, customer=Customer[first_name=Aanandinii, last_name=Ahuja, mobile_number=7086427031, mobile_number_alt=7086427031, email_id=deeptendu.bhattathiri@gmail.com, email_id_alt=chandrakala.bharadwaj@gmail.com], customer_address=CustomerAddress[flat_number=875, apartment_name=Devar Dale, street_name=Pothuvaal Coves, landmark=Gautam Rest, area=Khanna Prairie, pincode=86706, country=INDIA, state=Gujarat], customer_product=CustomerProduct[dop=2025-10-22T12:03:32.850019Z, serial_number=8169167489458068, imei1=8169167489458068, imei2=8169167489458068, popurl=www.rudra-jain.info, product_id=1, mst_model_id=1], problems=[Problems[id=8, remark=Quia quasi modi architecto laudantium.]]]]]>
              </value>
            </param>
          </params>
          <reporter-output>
          </reporter-output>
        </test-method> <!-- createJobApiTest -->
        <test-method signature="createJobApiTest(com.api.request.model.CreateJobPayload)[pri:0, instance:com.api.tests.datadriven.CreateJobApiDataDrivenFakerTest@7f0eb4b4]" started-at="2025-11-01T17:33:34 IST" name="createJobApiTest" description="Verifying if create job API giving correct response and able to create Inwarranty job" data-provider="createJobFakeDataProvider" finished-at="2025-11-01T17:33:34 IST" duration-ms="407" status="PASS">
          <params>
            <param index="0">
              <value>
                <![CDATA[CreateJobPayload[mst_service_location_id=0, mst_platform_id=2, mst_warrenty_status_id=1, mst_oem_id=1, customer=Customer[first_name=Bharadwaj, last_name=Dwivedi, mobile_number=7074287399, mobile_number_alt=7074287399, email_id=jagadisha.rana@yahoo.co.in, email_id_alt=amrit.abbott@hotmail.com], customer_address=CustomerAddress[flat_number=83043, apartment_name=Shashi River, street_name=Talwar Junctions, landmark=Agrata Forge, area=Arindam Views, pincode=35334, country=INDIA, state=Gujarat], customer_product=CustomerProduct[dop=2025-10-22T12:03:32.850733Z, serial_number=9389073621886879, imei1=9389073621886879, imei2=9389073621886879, popurl=www.balachandra-shukla.org, product_id=1, mst_model_id=1], problems=[Problems[id=27, remark=Qui ipsam accusantium inventore laudantium ut ratione impedit aut.]]]]]>
              </value>
            </param>
          </params>
          <reporter-output>
          </reporter-output>
        </test-method> <!-- createJobApiTest -->
        <test-method signature="createJobApiTest(com.api.request.model.CreateJobPayload)[pri:0, instance:com.api.tests.datadriven.CreateJobApiDataDrivenFakerTest@7f0eb4b4]" started-at="2025-11-01T17:33:34 IST" name="createJobApiTest" description="Verifying if create job API giving correct response and able to create Inwarranty job" data-provider="createJobFakeDataProvider" finished-at="2025-11-01T17:33:34 IST" duration-ms="417" status="PASS">
          <params>
            <param index="0">
              <value>
                <![CDATA[CreateJobPayload[mst_service_location_id=0, mst_platform_id=2, mst_warrenty_status_id=1, mst_oem_id=1, customer=Customer[first_name=Mayoor, last_name=Banerjee, mobile_number=7044028512, mobile_number_alt=7044028512, email_id=bhardwaj.reddy@yahoo.co.in, email_id_alt=chandraswaroopa.prajapat@hotmail.com], customer_address=CustomerAddress[flat_number=3778, apartment_name=Opaline Lane, street_name=Sharma Shoal, landmark=Pillai Stravenue, area=Nambeesan Point, pincode=31495, country=INDIA, state=Andaman and Nicobar Islands], customer_product=CustomerProduct[dop=2025-10-22T12:03:32.851001Z, serial_number=5133818721938383, imei1=5133818721938383, imei2=5133818721938383, popurl=www.urmila-gupta.in, product_id=1, mst_model_id=1], problems=[Problems[id=12, remark=Est unde at voluptatem quis doloremque.]]]]]>
              </value>
            </param>
          </params>
          <reporter-output>
          </reporter-output>
        </test-method> <!-- createJobApiTest -->
        <test-method signature="createJobApiTest(com.api.request.model.CreateJobPayload)[pri:0, instance:com.api.tests.datadriven.CreateJobApiDataDrivenFakerTest@7f0eb4b4]" started-at="2025-11-01T17:33:34 IST" name="createJobApiTest" description="Verifying if create job API giving correct response and able to create Inwarranty job" data-provider="createJobFakeDataProvider" finished-at="2025-11-01T17:33:34 IST" duration-ms="420" status="PASS">
          <params>
            <param index="0">
              <value>
                <![CDATA[CreateJobPayload[mst_service_location_id=0, mst_platform_id=2, mst_warrenty_status_id=1, mst_oem_id=1, customer=Customer[first_name=Kumuda, last_name=Patel, mobile_number=7057187801, mobile_number_alt=7057187801, email_id=anil.chaturvedi@hotmail.com, email_id_alt=lakshminath.khatri@gmail.com], customer_address=CustomerAddress[flat_number=5130, apartment_name=Deshpande Junctions, street_name=Devasree Fork, landmark=Tara Union, area=Dhawan Circles, pincode=93778, country=INDIA, state=Daman and Diu], customer_product=CustomerProduct[dop=2025-10-22T12:03:32.851212Z, serial_number=0462171778735076, imei1=0462171778735076, imei2=0462171778735076, popurl=www.shakuntala-verma.biz, product_id=1, mst_model_id=1], problems=[Problems[id=26, remark=Laboriosam in vitae rerum odio.]]]]]>
              </value>
            </param>
          </params>
          <reporter-output>
          </reporter-output>
        </test-method> <!-- createJobApiTest -->
        <test-method signature="createJobApiTest(com.api.request.model.CreateJobPayload)[pri:0, instance:com.api.tests.datadriven.CreateJobApiDataDrivenFakerTest@7f0eb4b4]" started-at="2025-11-01T17:33:34 IST" name="createJobApiTest" description="Verifying if create job API giving correct response and able to create Inwarranty job" data-provider="createJobFakeDataProvider" finished-at="2025-11-01T17:33:35 IST" duration-ms="480" status="PASS">
          <params>
            <param index="0">
              <value>
                <![CDATA[CreateJobPayload[mst_service_location_id=0, mst_platform_id=2, mst_warrenty_status_id=1, mst_oem_id=1, customer=Customer[first_name=Amritambu, last_name=Tagore, mobile_number=7080441034, mobile_number_alt=7080441034, email_id=somu.mahajan@hotmail.com, email_id_alt=girik.achari@gmail.com], customer_address=CustomerAddress[flat_number=82450, apartment_name=Jagathi Streets, street_name=Saini Islands, landmark=Kapoor Tunnel, area=Pushti Courts, pincode=80046, country=INDIA, state=Kerala], customer_product=CustomerProduct[dop=2025-10-22T12:03:32.851417Z, serial_number=5710748452138961, imei1=5710748452138961, imei2=5710748452138961, popurl=www.uma-acharya.in, product_id=1, mst_model_id=1], problems=[Problems[id=6, remark=Illum ipsam porro nihil et sed magnam.]]]]]>
              </value>
            </param>
          </params>
          <reporter-output>
          </reporter-output>
        </test-method> <!-- createJobApiTest -->
        <test-method signature="createJobApiTest(com.api.request.model.CreateJobPayload)[pri:0, instance:com.api.tests.datadriven.CreateJobApiDataDrivenFakerTest@7f0eb4b4]" started-at="2025-11-01T17:33:34 IST" name="createJobApiTest" description="Verifying if create job API giving correct response and able to create Inwarranty job" data-provider="createJobFakeDataProvider" finished-at="2025-11-01T17:33:35 IST" duration-ms="508" status="PASS">
          <params>
            <param index="0">
              <value>
                <![CDATA[CreateJobPayload[mst_service_location_id=0, mst_platform_id=2, mst_warrenty_status_id=1, mst_oem_id=1, customer=Customer[first_name=Lavanya, last_name=Rana, mobile_number=7037978265, mobile_number_alt=7037978265, email_id=bhramar.malik@gmail.com, email_id_alt=bhushan.tandon@yahoo.co.in], customer_address=CustomerAddress[flat_number=301, apartment_name=Reddy Extension, street_name=Tanushree Points, landmark=Anish Tunnel, area=Vaishvi Well, pincode=49676, country=INDIA, state=Goa], customer_product=CustomerProduct[dop=2025-10-22T12:03:32.851894Z, serial_number=0364750099808303, imei1=0364750099808303, imei2=0364750099808303, popurl=www.agrata-kapoor.net, product_id=1, mst_model_id=1], problems=[Problems[id=6, remark=Omnis cupiditate eos veritatis vel dolor quia voluptatibus architecto.]]]]]>
              </value>
            </param>
          </params>
          <reporter-output>
          </reporter-output>
        </test-method> <!-- createJobApiTest -->
        <test-method signature="createJobApiTest(com.api.request.model.CreateJobPayload)[pri:0, instance:com.api.tests.datadriven.CreateJobApiDataDrivenFakerTest@7f0eb4b4]" started-at="2025-11-01T17:33:34 IST" name="createJobApiTest" description="Verifying if create job API giving correct response and able to create Inwarranty job" data-provider="createJobFakeDataProvider" finished-at="2025-11-01T17:33:35 IST" duration-ms="414" status="PASS">
          <params>
            <param index="0">
              <value>
                <![CDATA[CreateJobPayload[mst_service_location_id=0, mst_platform_id=2, mst_warrenty_status_id=1, mst_oem_id=1, customer=Customer[first_name=Shrishti, last_name=Malik, mobile_number=7020561758, mobile_number_alt=7020561758, email_id=rajinder.asan@hotmail.com, email_id_alt=shubha.marar@yahoo.co.in], customer_address=CustomerAddress[flat_number=7860, apartment_name=Chapal Causeway, street_name=Archan Motorway, landmark=Lakshminath Rue, area=Bhattathiri Brooks, pincode=88382, country=INDIA, state=Nagaland], customer_product=CustomerProduct[dop=2025-10-22T12:03:32.852110Z, serial_number=9674166050262858, imei1=9674166050262858, imei2=9674166050262858, popurl=www.madhuri-singh.name, product_id=1, mst_model_id=1], problems=[Problems[id=26, remark=Voluptatibus in consectetur fugit occaecati aperiam voluptatem deleniti magnam ut.]]]]]>
              </value>
            </param>
          </params>
          <reporter-output>
          </reporter-output>
        </test-method> <!-- createJobApiTest -->
        <test-method signature="createJobApiTest(com.api.request.model.CreateJobPayload)[pri:0, instance:com.api.tests.datadriven.CreateJobApiDataDrivenFakerTest@7f0eb4b4]" started-at="2025-11-01T17:33:34 IST" name="createJobApiTest" description="Verifying if create job API giving correct response and able to create Inwarranty job" data-provider="createJobFakeDataProvider" finished-at="2025-11-01T17:33:35 IST" duration-ms="507" status="PASS">
          <params>
            <param index="0">
              <value>
                <![CDATA[CreateJobPayload[mst_service_location_id=0, mst_platform_id=2, mst_warrenty_status_id=1, mst_oem_id=1, customer=Customer[first_name=Krishnadasa, last_name=Bhattathiri, mobile_number=7001439919, mobile_number_alt=7001439919, email_id=chandraswaroopa.mukhopadhyay@gmail.com, email_id_alt=chandan.jain@hotmail.com], customer_address=CustomerAddress[flat_number=07793, apartment_name=Devak Passage, street_name=Mukesh Rest, landmark=Gandhi Pass, area=Abbott Mountains, pincode=69319, country=INDIA, state=Orissa], customer_product=CustomerProduct[dop=2025-10-22T12:03:32.852308Z, serial_number=0548190566912412, imei1=0548190566912412, imei2=0548190566912412, popurl=www.somnath-naik.co.in, product_id=1, mst_model_id=1], problems=[Problems[id=27, remark=Quibusdam ducimus inventore consequatur sit incidunt vitae in ipsam autem.]]]]]>
              </value>
            </param>
          </params>
          <reporter-output>
          </reporter-output>
        </test-method> <!-- createJobApiTest -->
        <test-method signature="createJobApiTest(com.api.request.model.CreateJobPayload)[pri:0, instance:com.api.tests.datadriven.CreateJobApiDataDrivenFakerTest@7f0eb4b4]" started-at="2025-11-01T17:33:34 IST" name="createJobApiTest" description="Verifying if create job API giving correct response and able to create Inwarranty job" data-provider="createJobFakeDataProvider" finished-at="2025-11-01T17:33:35 IST" duration-ms="425" status="PASS">
          <params>
            <param index="0">
              <value>
                <![CDATA[CreateJobPayload[mst_service_location_id=0, mst_platform_id=2, mst_warrenty_status_id=1, mst_oem_id=1, customer=Customer[first_name=Shridevi, last_name=Nair, mobile_number=7070079898, mobile_number_alt=7070079898, email_id=giri.iyengar@hotmail.com, email_id_alt=mukul.kapoor@hotmail.com], customer_address=CustomerAddress[flat_number=078, apartment_name=Arora Courts, street_name=Chandra Squares, landmark=Patel Summit, area=Dandapaani Cove, pincode=59176, country=INDIA, state=Delhi], customer_product=CustomerProduct[dop=2025-10-22T12:03:32.852520Z, serial_number=1940226754254272, imei1=1940226754254272, imei2=1940226754254272, popurl=www.vishwamitra-sharma.net, product_id=1, mst_model_id=1], problems=[Problems[id=17, remark=Cum et illum fugit voluptates molestias qui hic est.]]]]]>
              </value>
            </param>
          </params>
          <reporter-output>
          </reporter-output>
        </test-method> <!-- createJobApiTest -->
        <test-method signature="createJobApiTest(com.api.request.model.CreateJobPayload)[pri:0, instance:com.api.tests.datadriven.CreateJobApiDataDrivenFakerTest@7f0eb4b4]" started-at="2025-11-01T17:33:34 IST" name="createJobApiTest" description="Verifying if create job API giving correct response and able to create Inwarranty job" data-provider="createJobFakeDataProvider" finished-at="2025-11-01T17:33:35 IST" duration-ms="457" status="PASS">
          <params>
            <param index="0">
              <value>
                <![CDATA[CreateJobPayload[mst_service_location_id=0, mst_platform_id=2, mst_warrenty_status_id=1, mst_oem_id=1, customer=Customer[first_name=Brahma, last_name=Embranthiri, mobile_number=7079955121, mobile_number_alt=7079955121, email_id=garud.kakkar@hotmail.com, email_id_alt=rahul.guha@yahoo.co.in], customer_address=CustomerAddress[flat_number=0047, apartment_name=Shridevi Prairie, street_name=Sarvin Drive, landmark=Swami Point, area=Bakula Walk, pincode=82089, country=INDIA, state=Nagaland], customer_product=CustomerProduct[dop=2025-10-22T12:03:32.852725Z, serial_number=1558774986792391, imei1=1558774986792391, imei2=1558774986792391, popurl=www.chanda-dutta.co.in, product_id=1, mst_model_id=1], problems=[Problems[id=5, remark=Rerum aut quis et nobis dolores veritatis eaque aperiam.]]]]]>
              </value>
            </param>
          </params>
          <reporter-output>
          </reporter-output>
        </test-method> <!-- createJobApiTest -->
        <test-method signature="createJobApiTest(com.api.request.model.CreateJobPayload)[pri:0, instance:com.api.tests.datadriven.CreateJobApiDataDrivenFakerTest@7f0eb4b4]" started-at="2025-11-01T17:33:34 IST" name="createJobApiTest" description="Verifying if create job API giving correct response and able to create Inwarranty job" data-provider="createJobFakeDataProvider" finished-at="2025-11-01T17:33:35 IST" duration-ms="464" status="PASS">
          <params>
            <param index="0">
              <value>
                <![CDATA[CreateJobPayload[mst_service_location_id=0, mst_platform_id=2, mst_warrenty_status_id=1, mst_oem_id=1, customer=Customer[first_name=Chandramani, last_name=Khatri, mobile_number=7041140316, mobile_number_alt=7041140316, email_id=jaimini.verma@yahoo.co.in, email_id_alt=chidaatma.kapoor@yahoo.co.in], customer_address=CustomerAddress[flat_number=6091, apartment_name=Bhat Ford, street_name=Deshpande Groves, landmark=Dandapaani Land, area=Shukla Port, pincode=40597, country=INDIA, state=Lakshadweep], customer_product=CustomerProduct[dop=2025-10-22T12:03:32.852893Z, serial_number=3351664894564348, imei1=3351664894564348, imei2=3351664894564348, popurl=www.agrata-embranthiri.biz, product_id=1, mst_model_id=1], problems=[Problems[id=28, remark=Nihil quos occaecati dolor soluta qui et dolores deleniti.]]]]]>
              </value>
            </param>
          </params>
          <reporter-output>
          </reporter-output>
        </test-method> <!-- createJobApiTest -->
        <test-method signature="createJobApiTest(com.api.request.model.CreateJobPayload)[pri:0, instance:com.api.tests.datadriven.CreateJobApiDataDrivenFakerTest@7f0eb4b4]" started-at="2025-11-01T17:33:34 IST" name="createJobApiTest" description="Verifying if create job API giving correct response and able to create Inwarranty job" data-provider="createJobFakeDataProvider" finished-at="2025-11-01T17:33:35 IST" duration-ms="496" status="PASS">
          <params>
            <param index="0">
              <value>
                <![CDATA[CreateJobPayload[mst_service_location_id=0, mst_platform_id=2, mst_warrenty_status_id=1, mst_oem_id=1, customer=Customer[first_name=Tanushri, last_name=Bhattacharya, mobile_number=7011974789, mobile_number_alt=7011974789, email_id=ekdant.dubashi@hotmail.com, email_id_alt=dhanapati.bandopadhyay@gmail.com], customer_address=CustomerAddress[flat_number=470, apartment_name=Dinakar Dam, street_name=Bahula Walk, landmark=Chopra Parks, area=Asan Rapids, pincode=16958, country=INDIA, state=Andhra Pradesh], customer_product=CustomerProduct[dop=2025-10-22T12:03:32.853081Z, serial_number=1021912343349509, imei1=1021912343349509, imei2=1021912343349509, popurl=www.nikita-khanna.in, product_id=1, mst_model_id=1], problems=[Problems[id=6, remark=Et sed dolorem earum quidem.]]]]]>
              </value>
            </param>
          </params>
          <reporter-output>
          </reporter-output>
        </test-method> <!-- createJobApiTest -->
        <test-method signature="createJobApiTest(com.api.request.model.CreateJobPayload)[pri:0, instance:com.api.tests.datadriven.CreateJobApiDataDrivenFakerTest@7f0eb4b4]" started-at="2025-11-01T17:33:34 IST" name="createJobApiTest" description="Verifying if create job API giving correct response and able to create Inwarranty job" data-provider="createJobFakeDataProvider" finished-at="2025-11-01T17:33:35 IST" duration-ms="498" status="PASS">
          <params>
            <param index="0">
              <value>
                <![CDATA[CreateJobPayload[mst_service_location_id=0, mst_platform_id=2, mst_warrenty_status_id=1, mst_oem_id=1, customer=Customer[first_name=Daksha, last_name=Kocchar, mobile_number=7014222751, mobile_number_alt=7014222751, email_id=kama.sharma@gmail.com, email_id_alt=amarnath.bharadwaj@gmail.com], customer_address=CustomerAddress[flat_number=0255, apartment_name=Deshpande Dale, street_name=Marar Unions, landmark=Prayag Meadows, area=Kakkar Ports, pincode=15903, country=INDIA, state=Lakshadweep], customer_product=CustomerProduct[dop=2025-10-22T12:03:32.853267Z, serial_number=6719299811374825, imei1=6719299811374825, imei2=6719299811374825, popurl=www.kashyap-bharadwaj.net, product_id=1, mst_model_id=1], problems=[Problems[id=6, remark=Autem consequatur veritatis vitae et quae aspernatur veritatis consequuntur quis.]]]]]>
              </value>
            </param>
          </params>
          <reporter-output>
          </reporter-output>
        </test-method> <!-- createJobApiTest -->
        <test-method signature="createJobApiTest(com.api.request.model.CreateJobPayload)[pri:0, instance:com.api.tests.datadriven.CreateJobApiDataDrivenFakerTest@7f0eb4b4]" started-at="2025-11-01T17:33:34 IST" name="createJobApiTest" description="Verifying if create job API giving correct response and able to create Inwarranty job" data-provider="createJobFakeDataProvider" finished-at="2025-11-01T17:33:35 IST" duration-ms="456" status="PASS">
          <params>
            <param index="0">
              <value>
                <![CDATA[CreateJobPayload[mst_service_location_id=0, mst_platform_id=2, mst_warrenty_status_id=1, mst_oem_id=1, customer=Customer[first_name=Lakshmidhar, last_name=Patel, mobile_number=7099015976, mobile_number_alt=7099015976, email_id=chandraayan.tandon@gmail.com, email_id_alt=indira.dubashi@yahoo.co.in], customer_address=CustomerAddress[flat_number=2856, apartment_name=Anaadi Wall, street_name=Bharadwaj Village, landmark=Suresh Station, area=Gill Prairie, pincode=86278, country=INDIA, state=Daman and Diu], customer_product=CustomerProduct[dop=2025-10-22T12:03:32.853457Z, serial_number=7115709112881905, imei1=7115709112881905, imei2=7115709112881905, popurl=www.gotum-banerjee.com, product_id=1, mst_model_id=1], problems=[Problems[id=20, remark=Vel voluptas exercitationem sint et.]]]]]>
              </value>
            </param>
          </params>
          <reporter-output>
          </reporter-output>
        </test-method> <!-- createJobApiTest -->
        <test-method signature="createJobApiTest(com.api.request.model.CreateJobPayload)[pri:0, instance:com.api.tests.datadriven.CreateJobApiDataDrivenFakerTest@7f0eb4b4]" started-at="2025-11-01T17:33:35 IST" name="createJobApiTest" description="Verifying if create job API giving correct response and able to create Inwarranty job" data-provider="createJobFakeDataProvider" finished-at="2025-11-01T17:33:35 IST" duration-ms="282" status="PASS">
          <params>
            <param index="0">
              <value>
                <![CDATA[CreateJobPayload[mst_service_location_id=0, mst_platform_id=2, mst_warrenty_status_id=1, mst_oem_id=1, customer=Customer[first_name=Sunita, last_name=Malik, mobile_number=7019433211, mobile_number_alt=7019433211, email_id=amrita.johar@gmail.com, email_id_alt=tej.saini@gmail.com], customer_address=CustomerAddress[flat_number=14836, apartment_name=Sinha Light, street_name=Mukhopadhyay Land, landmark=Sharma Square, area=Deshpande Inlet, pincode=71639, country=INDIA, state=Delhi], customer_product=CustomerProduct[dop=2025-10-22T12:03:32.853630Z, serial_number=0992414643808820, imei1=0992414643808820, imei2=0992414643808820, popurl=www.rukmin-deshpande.info, product_id=1, mst_model_id=1], problems=[Problems[id=6, remark=Dolorum perferendis aut iste magnam.]]]]]>
              </value>
            </param>
          </params>
          <reporter-output>
          </reporter-output>
        </test-method> <!-- createJobApiTest -->
        <test-method signature="createJobApiTest(com.api.request.model.CreateJobPayload)[pri:0, instance:com.api.tests.datadriven.CreateJobApiDataDrivenFakerTest@7f0eb4b4]" started-at="2025-11-01T17:33:35 IST" name="createJobApiTest" description="Verifying if create job API giving correct response and able to create Inwarranty job" data-provider="createJobFakeDataProvider" finished-at="2025-11-01T17:33:35 IST" duration-ms="328" status="PASS">
          <params>
            <param index="0">
              <value>
                <![CDATA[CreateJobPayload[mst_service_location_id=0, mst_platform_id=2, mst_warrenty_status_id=1, mst_oem_id=1, customer=Customer[first_name=Basanti, last_name=Jain, mobile_number=7048548088, mobile_number_alt=7048548088, email_id=laxmi.abbott@yahoo.co.in, email_id_alt=atmananda.deshpande@yahoo.co.in], customer_address=CustomerAddress[flat_number=4141, apartment_name=Bhadraksh Divide, street_name=Mehra Junctions, landmark=Ganaka Branch, area=Chandraketu Hills, pincode=19859, country=INDIA, state=Madya Pradesh], customer_product=CustomerProduct[dop=2025-10-22T12:03:32.853817Z, serial_number=7300763063148916, imei1=7300763063148916, imei2=7300763063148916, popurl=www.bhargavi-banerjee.net, product_id=1, mst_model_id=1], problems=[Problems[id=12, remark=Et assumenda est reiciendis nemo.]]]]]>
              </value>
            </param>
          </params>
          <reporter-output>
          </reporter-output>
        </test-method> <!-- createJobApiTest -->
        <test-method signature="createJobApiTest(com.api.request.model.CreateJobPayload)[pri:0, instance:com.api.tests.datadriven.CreateJobApiDataDrivenFakerTest@7f0eb4b4]" started-at="2025-11-01T17:33:35 IST" name="createJobApiTest" description="Verifying if create job API giving correct response and able to create Inwarranty job" data-provider="createJobFakeDataProvider" finished-at="2025-11-01T17:33:35 IST" duration-ms="329" status="PASS">
          <params>
            <param index="0">
              <value>
                <![CDATA[CreateJobPayload[mst_service_location_id=0, mst_platform_id=2, mst_warrenty_status_id=1, mst_oem_id=1, customer=Customer[first_name=Dakshayani, last_name=Iyengar, mobile_number=7035418464, mobile_number_alt=7035418464, email_id=gandharv.kakkar@yahoo.co.in, email_id_alt=dhruv.mukhopadhyay@yahoo.co.in], customer_address=CustomerAddress[flat_number=3595, apartment_name=Ahluwalia Garden, street_name=Bhupen Walks, landmark=Asan Forges, area=Achintya Crest, pincode=81947, country=INDIA, state=Chhattisgarh], customer_product=CustomerProduct[dop=2025-10-22T12:03:32.854004Z, serial_number=3724113214390435, imei1=3724113214390435, imei2=3724113214390435, popurl=www.shivakari-arora.name, product_id=1, mst_model_id=1], problems=[Problems[id=22, remark=Expedita sit earum quae temporibus et quis magnam rerum modi.]]]]]>
              </value>
            </param>
          </params>
          <reporter-output>
          </reporter-output>
        </test-method> <!-- createJobApiTest -->
        <test-method signature="createJobApiTest(com.api.request.model.CreateJobPayload)[pri:0, instance:com.api.tests.datadriven.CreateJobApiDataDrivenFakerTest@7f0eb4b4]" started-at="2025-11-01T17:33:35 IST" name="createJobApiTest" description="Verifying if create job API giving correct response and able to create Inwarranty job" data-provider="createJobFakeDataProvider" finished-at="2025-11-01T17:33:35 IST" duration-ms="363" status="PASS">
          <params>
            <param index="0">
              <value>
                <![CDATA[CreateJobPayload[mst_service_location_id=0, mst_platform_id=2, mst_warrenty_status_id=1, mst_oem_id=1, customer=Customer[first_name=Sarla, last_name=Pillai, mobile_number=7091630295, mobile_number_alt=7091630295, email_id=geeta.joshi@gmail.com, email_id_alt=opalina.mahajan@hotmail.com], customer_address=CustomerAddress[flat_number=0604, apartment_name=Butt Crossroad, street_name=Embranthiri Expressway, landmark=Mukhopadhyay Row, area=Nair Mission, pincode=89277, country=INDIA, state=Madya Pradesh], customer_product=CustomerProduct[dop=2025-10-22T12:03:32.854231Z, serial_number=2491112912674606, imei1=2491112912674606, imei2=2491112912674606, popurl=www.birjesh-bhattathiri.biz, product_id=1, mst_model_id=1], problems=[Problems[id=12, remark=In dolorem quia consequatur voluptatem.]]]]]>
              </value>
            </param>
          </params>
          <reporter-output>
          </reporter-output>
        </test-method> <!-- createJobApiTest -->
        <test-method signature="createJobApiTest(com.api.request.model.CreateJobPayload)[pri:0, instance:com.api.tests.datadriven.CreateJobApiDataDrivenFakerTest@7f0eb4b4]" started-at="2025-11-01T17:33:35 IST" name="createJobApiTest" description="Verifying if create job API giving correct response and able to create Inwarranty job" data-provider="createJobFakeDataProvider" finished-at="2025-11-01T17:33:35 IST" duration-ms="356" status="PASS">
          <params>
            <param index="0">
              <value>
                <![CDATA[CreateJobPayload[mst_service_location_id=0, mst_platform_id=2, mst_warrenty_status_id=1, mst_oem_id=1, customer=Customer[first_name=Garud, last_name=Talwar, mobile_number=7048488046, mobile_number_alt=7048488046, email_id=rajinder.sharma@gmail.com, email_id_alt=tanushri.sethi@hotmail.com], customer_address=CustomerAddress[flat_number=15105, apartment_name=Prajapat Branch, street_name=Devadatt Rue, landmark=Bala Forges, area=Himani Forest, pincode=99505, country=INDIA, state=Chhattisgarh], customer_product=CustomerProduct[dop=2025-10-22T12:03:32.854409Z, serial_number=2628562807014823, imei1=2628562807014823, imei2=2628562807014823, popurl=www.akshainie-kocchar.biz, product_id=1, mst_model_id=1], problems=[Problems[id=11, remark=Ullam odio quod ea exercitationem dolore id et perferendis voluptas.]]]]]>
              </value>
            </param>
          </params>
          <reporter-output>
          </reporter-output>
        </test-method> <!-- createJobApiTest -->
        <test-method signature="createJobApiTest(com.api.request.model.CreateJobPayload)[pri:0, instance:com.api.tests.datadriven.CreateJobApiDataDrivenFakerTest@7f0eb4b4]" started-at="2025-11-01T17:33:35 IST" name="createJobApiTest" description="Verifying if create job API giving correct response and able to create Inwarranty job" data-provider="createJobFakeDataProvider" finished-at="2025-11-01T17:33:35 IST" duration-ms="343" status="PASS">
          <params>
            <param index="0">
              <value>
                <![CDATA[CreateJobPayload[mst_service_location_id=0, mst_platform_id=2, mst_warrenty_status_id=1, mst_oem_id=1, customer=Customer[first_name=Devak, last_name=Mahajan, mobile_number=7055499314, mobile_number_alt=7055499314, email_id=rukhmani.devar@hotmail.com, email_id_alt=gayatri.embranthiri@hotmail.com], customer_address=CustomerAddress[flat_number=853, apartment_name=Tanushri Rapids, street_name=Shah Island, landmark=Bilva Mount, area=Chidambaram Knolls, pincode=88366, country=INDIA, state=Arunachal Pradesh], customer_product=CustomerProduct[dop=2025-10-22T12:03:32.854598Z, serial_number=9799690654323629, imei1=9799690654323629, imei2=9799690654323629, popurl=www.shashikala-dutta.in, product_id=1, mst_model_id=1], problems=[Problems[id=16, remark=Est eum minus maiores pariatur adipisci velit iste.]]]]]>
              </value>
            </param>
          </params>
          <reporter-output>
          </reporter-output>
        </test-method> <!-- createJobApiTest -->
        <test-method signature="createJobApiTest(com.api.request.model.CreateJobPayload)[pri:0, instance:com.api.tests.datadriven.CreateJobApiDataDrivenFakerTest@7f0eb4b4]" started-at="2025-11-01T17:33:35 IST" name="createJobApiTest" description="Verifying if create job API giving correct response and able to create Inwarranty job" data-provider="createJobFakeDataProvider" finished-at="2025-11-01T17:33:35 IST" duration-ms="510" status="PASS">
          <params>
            <param index="0">
              <value>
                <![CDATA[CreateJobPayload[mst_service_location_id=0, mst_platform_id=2, mst_warrenty_status_id=1, mst_oem_id=1, customer=Customer[first_name=Udit, last_name=Tandon, mobile_number=7062557963, mobile_number_alt=7062557963, email_id=bhudev.rana@hotmail.com, email_id_alt=dinkar.gandhi@yahoo.co.in], customer_address=CustomerAddress[flat_number=1870, apartment_name=Karan Pine, street_name=Aaryan Bridge, landmark=Rajan Common, area=Chattopadhyay Plaza, pincode=71664, country=INDIA, state=Himachal Pradesh], customer_product=CustomerProduct[dop=2025-10-22T12:03:32.854771Z, serial_number=0974418589600413, imei1=0974418589600413, imei2=0974418589600413, popurl=www.hiranya-khatri.co.in, product_id=1, mst_model_id=1], problems=[Problems[id=28, remark=Ad eligendi quia dignissimos et cumque.]]]]]>
              </value>
            </param>
          </params>
          <reporter-output>
          </reporter-output>
        </test-method> <!-- createJobApiTest -->
        <test-method signature="createJobApiTest(com.api.request.model.CreateJobPayload)[pri:0, instance:com.api.tests.datadriven.CreateJobApiDataDrivenFakerTest@7f0eb4b4]" started-at="2025-11-01T17:33:35 IST" name="createJobApiTest" description="Verifying if create job API giving correct response and able to create Inwarranty job" data-provider="createJobFakeDataProvider" finished-at="2025-11-01T17:33:35 IST" duration-ms="467" status="PASS">
          <params>
            <param index="0">
              <value>
                <![CDATA[CreateJobPayload[mst_service_location_id=0, mst_platform_id=2, mst_warrenty_status_id=1, mst_oem_id=1, customer=Customer[first_name=Agneya, last_name=Dutta, mobile_number=7078917889, mobile_number_alt=7078917889, email_id=oormila.johar@hotmail.com, email_id_alt=rita.prajapat@yahoo.co.in], customer_address=CustomerAddress[flat_number=033, apartment_name=Menon Crescent, street_name=Dubashi Hill, landmark=Butt Fork, area=Priya Camp, pincode=85838, country=INDIA, state=Madya Pradesh], customer_product=CustomerProduct[dop=2025-10-22T12:03:32.855128Z, serial_number=9468674012073507, imei1=9468674012073507, imei2=9468674012073507, popurl=www.agastya-shukla.org, product_id=1, mst_model_id=1], problems=[Problems[id=3, remark=Nulla non totam laudantium repellendus cumque quasi ut eos.]]]]]>
              </value>
            </param>
          </params>
          <reporter-output>
          </reporter-output>
        </test-method> <!-- createJobApiTest -->
        <test-method signature="createJobApiTest(com.api.request.model.CreateJobPayload)[pri:0, instance:com.api.tests.datadriven.CreateJobApiDataDrivenFakerTest@7f0eb4b4]" started-at="2025-11-01T17:33:35 IST" name="createJobApiTest" description="Verifying if create job API giving correct response and able to create Inwarranty job" data-provider="createJobFakeDataProvider" finished-at="2025-11-01T17:33:35 IST" duration-ms="462" status="PASS">
          <params>
            <param index="0">
              <value>
                <![CDATA[CreateJobPayload[mst_service_location_id=0, mst_platform_id=2, mst_warrenty_status_id=1, mst_oem_id=1, customer=Customer[first_name=Garud, last_name=Desai, mobile_number=7076418394, mobile_number_alt=7076418394, email_id=atmaja.khan@yahoo.co.in, email_id_alt=achalesvara.guneta@hotmail.com], customer_address=CustomerAddress[flat_number=0901, apartment_name=Sarada Green, street_name=Singh Creek, landmark=Butt Parks, area=Gill Mountains, pincode=02283, country=INDIA, state=Punjab], customer_product=CustomerProduct[dop=2025-10-22T12:03:32.854955Z, serial_number=3952450484067430, imei1=3952450484067430, imei2=3952450484067430, popurl=www.deepankar-trivedi.biz, product_id=1, mst_model_id=1], problems=[Problems[id=5, remark=Est error ea voluptate harum.]]]]]>
              </value>
            </param>
          </params>
          <reporter-output>
          </reporter-output>
        </test-method> <!-- createJobApiTest -->
        <test-method signature="createJobApiTest(com.api.request.model.CreateJobPayload)[pri:0, instance:com.api.tests.datadriven.CreateJobApiDataDrivenFakerTest@7f0eb4b4]" started-at="2025-11-01T17:33:35 IST" name="createJobApiTest" description="Verifying if create job API giving correct response and able to create Inwarranty job" data-provider="createJobFakeDataProvider" finished-at="2025-11-01T17:33:35 IST" duration-ms="470" status="PASS">
          <params>
            <param index="0">
              <value>
                <![CDATA[CreateJobPayload[mst_service_location_id=0, mst_platform_id=2, mst_warrenty_status_id=1, mst_oem_id=1, customer=Customer[first_name=Jaya, last_name=Nehru, mobile_number=7089956149, mobile_number_alt=7089956149, email_id=aadrika.gowda@hotmail.com, email_id_alt=deepesh.khan@hotmail.com], customer_address=CustomerAddress[flat_number=5745, apartment_name=Bhattacharya Heights, street_name=Bhardwaj Prairie, landmark=Saini Court, area=Ganaka Alley, pincode=84905, country=INDIA, state=Assam], customer_product=CustomerProduct[dop=2025-10-22T12:03:32.855298Z, serial_number=7677736461892187, imei1=7677736461892187, imei2=7677736461892187, popurl=www.bhardwaj-bhattacharya.com, product_id=1, mst_model_id=1], problems=[Problems[id=4, remark=Et qui non enim voluptas ipsum eius sit consequatur ut.]]]]]>
              </value>
            </param>
          </params>
          <reporter-output>
          </reporter-output>
        </test-method> <!-- createJobApiTest -->
        <test-method signature="createJobApiTest(com.api.request.model.CreateJobPayload)[pri:0, instance:com.api.tests.datadriven.CreateJobApiDataDrivenFakerTest@7f0eb4b4]" started-at="2025-11-01T17:33:35 IST" name="createJobApiTest" description="Verifying if create job API giving correct response and able to create Inwarranty job" data-provider="createJobFakeDataProvider" finished-at="2025-11-01T17:33:35 IST" duration-ms="409" status="PASS">
          <params>
            <param index="0">
              <value>
                <![CDATA[CreateJobPayload[mst_service_location_id=0, mst_platform_id=2, mst_warrenty_status_id=1, mst_oem_id=1, customer=Customer[first_name=Sachin, last_name=Gupta, mobile_number=7097711749, mobile_number_alt=7097711749, email_id=amodini.nambeesan@hotmail.com, email_id_alt=damayanti.banerjee@gmail.com], customer_address=CustomerAddress[flat_number=551, apartment_name=Sinha Canyon, street_name=Mukhopadhyay Roads, landmark=Enakshi Shoal, area=Kanchan Square, pincode=98637, country=INDIA, state=Chandigarh], customer_product=CustomerProduct[dop=2025-10-22T12:03:32.855487Z, serial_number=1279568833767799, imei1=1279568833767799, imei2=1279568833767799, popurl=www.gemine-kaur.in, product_id=1, mst_model_id=1], problems=[Problems[id=6, remark=Tenetur rerum voluptatibus delectus vitae perspiciatis modi cumque consequuntur.]]]]]>
              </value>
            </param>
          </params>
          <reporter-output>
          </reporter-output>
        </test-method> <!-- createJobApiTest -->
        <test-method signature="createJobApiTest(com.api.request.model.CreateJobPayload)[pri:0, instance:com.api.tests.datadriven.CreateJobApiDataDrivenFakerTest@7f0eb4b4]" started-at="2025-11-01T17:33:35 IST" name="createJobApiTest" description="Verifying if create job API giving correct response and able to create Inwarranty job" data-provider="createJobFakeDataProvider" finished-at="2025-11-01T17:33:36 IST" duration-ms="326" status="PASS">
          <params>
            <param index="0">
              <value>
                <![CDATA[CreateJobPayload[mst_service_location_id=0, mst_platform_id=2, mst_warrenty_status_id=1, mst_oem_id=1, customer=Customer[first_name=Avani, last_name=Johar, mobile_number=7002376983, mobile_number_alt=7002376983, email_id=bhushan.bharadwaj@yahoo.co.in, email_id_alt=vidhya.tandon@hotmail.com], customer_address=CustomerAddress[flat_number=391, apartment_name=Kakkar Extensions, street_name=Prathamesh Rapids, landmark=Chandramauli Walks, area=Kamlesh Cape, pincode=67109, country=INDIA, state=Dadar and Nagar Haveli], customer_product=CustomerProduct[dop=2025-10-22T12:03:32.855668Z, serial_number=8883605831420039, imei1=8883605831420039, imei2=8883605831420039, popurl=www.bhupen-pilla.net, product_id=1, mst_model_id=1], problems=[Problems[id=4, remark=Ut asperiores incidunt et fugit veniam officia.]]]]]>
              </value>
            </param>
          </params>
          <reporter-output>
          </reporter-output>
[...]
              </value>
            </param>
          </params>
          <reporter-output>
          </reporter-output>
        </test-method> <!-- createJobApiTest -->
        <test-method signature="createJobApiTest(com.api.request.model.CreateJobPayload)[pri:0, instance:com.api.tests.datadriven.CreateJobApiDataDrivenFakerTest@7f0eb4b4]" started-at="2025-11-01T17:33:37 IST" name="createJobApiTest" description="Verifying if create job API giving correct response and able to create Inwarranty job" data-provider="createJobFakeDataProvider" finished-at="2025-11-01T17:33:37 IST" duration-ms="406" status="PASS">
          <params>
            <param index="0">
              <value>
                <![CDATA[CreateJobPayload[mst_service_location_id=0, mst_platform_id=2, mst_warrenty_status_id=1, mst_oem_id=1, customer=Customer[first_name=Adwitiya, last_name=Varrier, mobile_number=7038706066, mobile_number_alt=7038706066, email_id=dhruv.menon@yahoo.co.in, email_id_alt=shrishti.shukla@yahoo.co.in], customer_address=CustomerAddress[flat_number=5900, apartment_name=Varrier Drive, street_name=Balagovind Tunnel, landmark=Bharadwaj Manors, area=Gupta Fields, pincode=97862, country=INDIA, state=Daman and Diu], customer_product=CustomerProduct[dop=2025-10-22T12:03:32.862422Z, serial_number=4044241804757224, imei1=4044241804757224, imei2=4044241804757224, popurl=www.arnesh-jain.co.in, product_id=1, mst_model_id=1], problems=[Problems[id=22, remark=Qui aperiam natus quia consequatur iure cum non non.]]]]]>
              </value>
            </param>
          </params>
          <reporter-output>
          </reporter-output>
        </test-method> <!-- createJobApiTest -->
        <test-method signature="createJobApiTest(com.api.request.model.CreateJobPayload)[pri:0, instance:com.api.tests.datadriven.CreateJobApiDataDrivenFakerTest@7f0eb4b4]" started-at="2025-11-01T17:33:37 IST" name="createJobApiTest" description="Verifying if create job API giving correct response and able to create Inwarranty job" data-provider="createJobFakeDataProvider" finished-at="2025-11-01T17:33:37 IST" duration-ms="304" status="PASS">
          <params>
            <param index="0">
              <value>
                <![CDATA[CreateJobPayload[mst_service_location_id=0, mst_platform_id=2, mst_warrenty_status_id=1, mst_oem_id=1, customer=Customer[first_name=Ranjeet, last_name=Menon, mobile_number=7061978609, mobile_number_alt=7061978609, email_id=gopal.adiga@gmail.com, email_id_alt=rajan.verma@gmail.com], customer_address=CustomerAddress[flat_number=851, apartment_name=Jaimini Valleys, street_name=Shukla Curve, landmark=Jagdish Unions, area=Karan Spur, pincode=67034, country=INDIA, state=Rajasthan], customer_product=CustomerProduct[dop=2025-10-22T12:03:32.862222Z, serial_number=6119316242427756, imei1=6119316242427756, imei2=6119316242427756, popurl=www.tushar-bandopadhyay.com, product_id=1, mst_model_id=1], problems=[Problems[id=4, remark=Et inventore optio et consectetur ut quia.]]]]]>
              </value>
            </param>
          </params>
          <reporter-output>
          </reporter-output>
        </test-method> <!-- createJobApiTest -->
        <test-method signature="createJobApiTest(com.api.request.model.CreateJobPayload)[pri:0, instance:com.api.tests.datadriven.CreateJobApiDataDrivenFakerTest@7f0eb4b4]" started-at="2025-11-01T17:33:37 IST" name="createJobApiTest" description="Verifying if create job API giving correct response and able to create Inwarranty job" data-provider="createJobFakeDataProvider" finished-at="2025-11-01T17:33:37 IST" duration-ms="469" status="PASS">
          <params>
            <param index="0">
              <value>
                <![CDATA[CreateJobPayload[mst_service_location_id=0, mst_platform_id=2, mst_warrenty_status_id=1, mst_oem_id=1, customer=Customer[first_name=Asha, last_name=Kapoor, mobile_number=7086190266, mobile_number_alt=7086190266, email_id=shwet.mehrotra@hotmail.com, email_id_alt=nagabhushanam.kaur@hotmail.com], customer_address=CustomerAddress[flat_number=280, apartment_name=Bhadrak Curve, street_name=Bhupati Gateway, landmark=Reddy Way, area=Kaur Village, pincode=61187, country=INDIA, state=Maharashtra], customer_product=CustomerProduct[dop=2025-10-22T12:03:32.862640Z, serial_number=4960820854622364, imei1=4960820854622364, imei2=4960820854622364, popurl=www.rati-jha.name, product_id=1, mst_model_id=1], problems=[Problems[id=2, remark=A expedita quia quo repudiandae rerum dolor et quod.]]]]]>
              </value>
            </param>
          </params>
          <reporter-output>
          </reporter-output>
        </test-method> <!-- createJobApiTest -->
        <test-method signature="createJobApiTest(com.api.request.model.CreateJobPayload)[pri:0, instance:com.api.tests.datadriven.CreateJobApiDataDrivenFakerTest@7f0eb4b4]" started-at="2025-11-01T17:33:37 IST" name="createJobApiTest" description="Verifying if create job API giving correct response and able to create Inwarranty job" data-provider="createJobFakeDataProvider" finished-at="2025-11-01T17:33:37 IST" duration-ms="448" status="PASS">
          <params>
            <param index="0">
              <value>
                <![CDATA[CreateJobPayload[mst_service_location_id=0, mst_platform_id=2, mst_warrenty_status_id=1, mst_oem_id=1, customer=Customer[first_name=Elakshi, last_name=Gupta, mobile_number=7069293343, mobile_number_alt=7069293343, email_id=adityanandan.saini@gmail.com, email_id_alt=aryan.reddy@gmail.com], customer_address=CustomerAddress[flat_number=22162, apartment_name=Tandon Lodge, street_name=Gowda Cliffs, landmark=Dinkar Ford, area=Chiranjeev Road, pincode=23079, country=INDIA, state=Chandigarh], customer_product=CustomerProduct[dop=2025-10-22T12:03:32.862847Z, serial_number=6051385929204880, imei1=6051385929204880, imei2=6051385929204880, popurl=www.agasti-deshpande.net, product_id=1, mst_model_id=1], problems=[Problems[id=11, remark=Iure ut laborum voluptatem architecto totam expedita rem est.]]]]]>
              </value>
            </param>
          </params>
          <reporter-output>
          </reporter-output>
        </test-method> <!-- createJobApiTest -->
        <test-method signature="createJobApiTest(com.api.request.model.CreateJobPayload)[pri:0, instance:com.api.tests.datadriven.CreateJobApiDataDrivenFakerTest@7f0eb4b4]" started-at="2025-11-01T17:33:37 IST" name="createJobApiTest" description="Verifying if create job API giving correct response and able to create Inwarranty job" data-provider="createJobFakeDataProvider" finished-at="2025-11-01T17:33:37 IST" duration-ms="377" status="PASS">
          <params>
            <param index="0">
              <value>
                <![CDATA[CreateJobPayload[mst_service_location_id=0, mst_platform_id=2, mst_warrenty_status_id=1, mst_oem_id=1, customer=Customer[first_name=Mangala, last_name=Joshi, mobile_number=7024546162, mobile_number_alt=7024546162, email_id=karan.pilla@hotmail.com, email_id_alt=param.mehra@hotmail.com], customer_address=CustomerAddress[flat_number=4727, apartment_name=Mehra Walk, street_name=Bhattathiri Cove, landmark=Chandramauli Junctions, area=Kocchar Wall, pincode=44913, country=INDIA, state=Andaman and Nicobar Islands], customer_product=CustomerProduct[dop=2025-10-22T12:03:32.863050Z, serial_number=4653949055323242, imei1=4653949055323242, imei2=4653949055323242, popurl=www.adhiraj-kaniyar.com, product_id=1, mst_model_id=1], problems=[Problems[id=12, remark=Illum est soluta recusandae et eum saepe.]]]]]>
              </value>
            </param>
          </params>
          <reporter-output>
          </reporter-output>
        </test-method> <!-- createJobApiTest -->
        <test-method signature="createJobApiTest(com.api.request.model.CreateJobPayload)[pri:0, instance:com.api.tests.datadriven.CreateJobApiDataDrivenFakerTest@7f0eb4b4]" started-at="2025-11-01T17:33:37 IST" name="createJobApiTest" description="Verifying if create job API giving correct response and able to create Inwarranty job" data-provider="createJobFakeDataProvider" finished-at="2025-11-01T17:33:37 IST" duration-ms="410" status="PASS">
          <params>
            <param index="0">
              <value>
                <![CDATA[CreateJobPayload[mst_service_location_id=0, mst_platform_id=2, mst_warrenty_status_id=1, mst_oem_id=1, customer=Customer[first_name=Harinarayan, last_name=Ahuja, mobile_number=7045492424, mobile_number_alt=7045492424, email_id=trisha.dwivedi@hotmail.com, email_id_alt=ashlesh.prajapat@hotmail.com], customer_address=CustomerAddress[flat_number=031, apartment_name=Brijesh Locks, street_name=Menon Port, landmark=Bela Island, area=Varalakshmi Station, pincode=36782, country=INDIA, state=Daman and Diu], customer_product=CustomerProduct[dop=2025-10-22T12:03:32.863234Z, serial_number=4731501497457794, imei1=4731501497457794, imei2=4731501497457794, popurl=www.dhanadeepa-tagore.info, product_id=1, mst_model_id=1], problems=[Problems[id=1, remark=Aut nisi libero nihil voluptatem.]]]]]>
              </value>
            </param>
          </params>
          <reporter-output>
          </reporter-output>
        </test-method> <!-- createJobApiTest -->
        <test-method signature="createJobApiTest(com.api.request.model.CreateJobPayload)[pri:0, instance:com.api.tests.datadriven.CreateJobApiDataDrivenFakerTest@7f0eb4b4]" started-at="2025-11-01T17:33:37 IST" name="createJobApiTest" description="Verifying if create job API giving correct response and able to create Inwarranty job" data-provider="createJobFakeDataProvider" finished-at="2025-11-01T17:33:37 IST" duration-ms="307" status="PASS">
          <params>
            <param index="0">
              <value>
                <![CDATA[CreateJobPayload[mst_service_location_id=0, mst_platform_id=2, mst_warrenty_status_id=1, mst_oem_id=1, customer=Customer[first_name=Deepankar, last_name=Achari, mobile_number=7001472387, mobile_number_alt=7001472387, email_id=swami.verma@yahoo.co.in, email_id_alt=chidananda.namboothiri@yahoo.co.in], customer_address=CustomerAddress[flat_number=947, apartment_name=Pillai Prairie, street_name=Gupta Manors, landmark=Patel Rapid, area=Tejas Ville, pincode=85715, country=INDIA, state=Jammu and Kashmir], customer_product=CustomerProduct[dop=2025-10-22T12:03:32.863420Z, serial_number=4475595385747322, imei1=4475595385747322, imei2=4475595385747322, popurl=www.aadrika-chopra.info, product_id=1, mst_model_id=1], problems=[Problems[id=12, remark=Quisquam autem nobis qui excepturi deleniti.]]]]]>
              </value>
            </param>
          </params>
          <reporter-output>
          </reporter-output>
        </test-method> <!-- createJobApiTest -->
        <test-method signature="createJobApiTest(com.api.request.model.CreateJobPayload)[pri:0, instance:com.api.tests.datadriven.CreateJobApiDataDrivenFakerTest@7f0eb4b4]" started-at="2025-11-01T17:33:37 IST" name="createJobApiTest" description="Verifying if create job API giving correct response and able to create Inwarranty job" data-provider="createJobFakeDataProvider" finished-at="2025-11-01T17:33:37 IST" duration-ms="359" status="PASS">
          <params>
            <param index="0">
              <value>
                <![CDATA[CreateJobPayload[mst_service_location_id=0, mst_platform_id=2, mst_warrenty_status_id=1, mst_oem_id=1, customer=Customer[first_name=Anjushri, last_name=Mishra, mobile_number=7060122564, mobile_number_alt=7060122564, email_id=damodara.talwar@hotmail.com, email_id_alt=sushma.abbott@hotmail.com], customer_address=CustomerAddress[flat_number=61162, apartment_name=Saini Vista, street_name=Pillai Trail, landmark=Johar Square, area=Singh Road, pincode=75743, country=INDIA, state=Kerala], customer_product=CustomerProduct[dop=2025-10-22T12:03:32.863624Z, serial_number=1747786742669697, imei1=1747786742669697, imei2=1747786742669697, popurl=www.ekaaksh-dwivedi.com, product_id=1, mst_model_id=1], problems=[Problems[id=24, remark=Autem ipsum reprehenderit nam laborum dolor fugit voluptas doloribus.]]]]]>
              </value>
            </param>
          </params>
          <reporter-output>
          </reporter-output>
        </test-method> <!-- createJobApiTest -->
        <test-method signature="createJobApiTest(com.api.request.model.CreateJobPayload)[pri:0, instance:com.api.tests.datadriven.CreateJobApiDataDrivenFakerTest@7f0eb4b4]" started-at="2025-11-01T17:33:37 IST" name="createJobApiTest" description="Verifying if create job API giving correct response and able to create Inwarranty job" data-provider="createJobFakeDataProvider" finished-at="2025-11-01T17:33:37 IST" duration-ms="356" status="PASS">
          <params>
            <param index="0">
              <value>
                <![CDATA[CreateJobPayload[mst_service_location_id=0, mst_platform_id=2, mst_warrenty_status_id=1, mst_oem_id=1, customer=Customer[first_name=Gobinda, last_name=Kakkar, mobile_number=7010799638, mobile_number_alt=7010799638, email_id=aslesha.somayaji@hotmail.com, email_id_alt=damayanti.nehru@hotmail.com], customer_address=CustomerAddress[flat_number=97537, apartment_name=Patil Mountains, street_name=Anshula Orchard, landmark=Maheswar Summit, area=Divya Bridge, pincode=72134, country=INDIA, state=Uttar Pradesh], customer_product=CustomerProduct[dop=2025-10-22T12:03:32.863820Z, serial_number=2068892153492675, imei1=2068892153492675, imei2=2068892153492675, popurl=www.gita-pilla.biz, product_id=1, mst_model_id=1], problems=[Problems[id=8, remark=Ea qui officiis voluptatem nobis qui unde nihil quod.]]]]]>
              </value>
            </param>
          </params>
          <reporter-output>
          </reporter-output>
        </test-method> <!-- createJobApiTest -->
        <test-method signature="createJobApiTest(com.api.request.model.CreateJobPayload)[pri:0, instance:com.api.tests.datadriven.CreateJobApiDataDrivenFakerTest@7f0eb4b4]" started-at="2025-11-01T17:33:37 IST" name="createJobApiTest" description="Verifying if create job API giving correct response and able to create Inwarranty job" data-provider="createJobFakeDataProvider" finished-at="2025-11-01T17:33:37 IST" duration-ms="370" status="PASS">
          <params>
            <param index="0">
              <value>
                <![CDATA[CreateJobPayload[mst_service_location_id=0, mst_platform_id=2, mst_warrenty_status_id=1, mst_oem_id=1, customer=Customer[first_name=Deeksha, last_name=Nayar, mobile_number=7008096691, mobile_number_alt=7008096691, email_id=bandhu.nayar@gmail.com, email_id_alt=shivakari.dubashi@hotmail.com], customer_address=CustomerAddress[flat_number=776, apartment_name=Akshainie Island, street_name=Gill Plain, landmark=Deependra Via, area=Bhagavaan Streets, pincode=49837, country=INDIA, state=Chandigarh], customer_product=CustomerProduct[dop=2025-10-22T12:03:32.864104Z, serial_number=8136185539588505, imei1=8136185539588505, imei2=8136185539588505, popurl=www.shresth-varman.co.in, product_id=1, mst_model_id=1], problems=[Problems[id=3, remark=Debitis numquam amet autem necessitatibus ut delectus quia.]]]]]>
              </value>
            </param>
          </params>
          <reporter-output>
          </reporter-output>
        </test-method> <!-- createJobApiTest -->
        <test-method signature="createJobApiTest(com.api.request.model.CreateJobPayload)[pri:0, instance:com.api.tests.datadriven.CreateJobApiDataDrivenFakerTest@7f0eb4b4]" started-at="2025-11-01T17:33:37 IST" name="createJobApiTest" description="Verifying if create job API giving correct response and able to create Inwarranty job" data-provider="createJobFakeDataProvider" finished-at="2025-11-01T17:33:37 IST" duration-ms="351" status="PASS">
          <params>
            <param index="0">
              <value>
                <![CDATA[CreateJobPayload[mst_service_location_id=0, mst_platform_id=2, mst_warrenty_status_id=1, mst_oem_id=1, customer=Customer[first_name=Nikita, last_name=Guneta, mobile_number=7046523067, mobile_number_alt=7046523067, email_id=amaranaath.deshpande@hotmail.com, email_id_alt=prasanna.chaturvedi@gmail.com], customer_address=CustomerAddress[flat_number=67896, apartment_name=Guneta Key, street_name=Mehra Union, landmark=Vrund Ford, area=Acaryatanaya Expressway, pincode=01459, country=INDIA, state=Meghalaya], customer_product=CustomerProduct[dop=2025-10-22T12:03:32.864359Z, serial_number=8652449997954985, imei1=8652449997954985, imei2=8652449997954985, popurl=www.menka-saini.in, product_id=1, mst_model_id=1], problems=[Problems[id=27, remark=Aut quia sed et aut aut earum qui laboriosam.]]]]]>
              </value>
            </param>
          </params>
          <reporter-output>
          </reporter-output>
        </test-method> <!-- createJobApiTest -->
        <test-method signature="createJobApiTest(com.api.request.model.CreateJobPayload)[pri:0, instance:com.api.tests.datadriven.CreateJobApiDataDrivenFakerTest@7f0eb4b4]" started-at="2025-11-01T17:33:37 IST" name="createJobApiTest" description="Verifying if create job API giving correct response and able to create Inwarranty job" data-provider="createJobFakeDataProvider" finished-at="2025-11-01T17:33:37 IST" duration-ms="316" status="PASS">
          <params>
            <param index="0">
              <value>
                <![CDATA[CreateJobPayload[mst_service_location_id=0, mst_platform_id=2, mst_warrenty_status_id=1, mst_oem_id=1, customer=Customer[first_name=Gautam, last_name=Kakkar, mobile_number=7082068816, mobile_number_alt=7082068816, email_id=ekadant.shah@hotmail.com, email_id_alt=dhanadeepa.asan@gmail.com], customer_address=CustomerAddress[flat_number=2094, apartment_name=Tandon Underpass, street_name=Gorakhnath Radial, landmark=Nehru Drives, area=Jain Stream, pincode=14019, country=INDIA, state=West Bengal], customer_product=CustomerProduct[dop=2025-10-22T12:03:32.864549Z, serial_number=8711470423733904, imei1=8711470423733904, imei2=8711470423733904, popurl=www.adityanandan-bhat.net, product_id=1, mst_model_id=1], problems=[Problems[id=9, remark=Et sed et accusantium doloremque saepe.]]]]]>
              </value>
            </param>
          </params>
          <reporter-output>
          </reporter-output>
        </test-method> <!-- createJobApiTest -->
        <test-method signature="createJobApiTest(com.api.request.model.CreateJobPayload)[pri:0, instance:com.api.tests.datadriven.CreateJobApiDataDrivenFakerTest@7f0eb4b4]" started-at="2025-11-01T17:33:37 IST" name="createJobApiTest" description="Verifying if create job API giving correct response and able to create Inwarranty job" data-provider="createJobFakeDataProvider" finished-at="2025-11-01T17:33:37 IST" duration-ms="256" status="PASS">
          <params>
            <param index="0">
              <value>
                <![CDATA[CreateJobPayload[mst_service_location_id=0, mst_platform_id=2, mst_warrenty_status_id=1, mst_oem_id=1, customer=Customer[first_name=Dhaanyalakshmi, last_name=Dhawan, mobile_number=7061608758, mobile_number_alt=7061608758, email_id=brahmanandam.joshi@hotmail.com, email_id_alt=rahul.dubashi@hotmail.com], customer_address=CustomerAddress[flat_number=80358, apartment_name=Amodini Islands, street_name=Adiga Station, landmark=Varma Crossroad, area=Arya Bypass, pincode=22856, country=INDIA, state=Uttaranchal], customer_product=CustomerProduct[dop=2025-10-22T12:03:32.864768Z, serial_number=7477217659077515, imei1=7477217659077515, imei2=7477217659077515, popurl=www.param-kaur.co.in, product_id=1, mst_model_id=1], problems=[Problems[id=4, remark=Aspernatur dolorem quisquam possimus quidem officiis magni.]]]]]>
              </value>
            </param>
          </params>
          <reporter-output>
          </reporter-output>
        </test-method> <!-- createJobApiTest -->
      </class> <!-- com.api.tests.datadriven.CreateJobApiDataDrivenFakerTest -->
    </test> <!-- Default test -->
  </suite> <!-- Default suite -->
</testng-results>
