<?xml version="1.0" encoding="UTF-8"?>
<testng-results ignored="0" total="1" passed="1" failed="0" skipped="0">
  <reporter-output>
  </reporter-output>
  <suite started-at="2025-10-01T23:23:36 IST" name="Default suite" finished-at="2025-10-01T23:23:37 IST" duration-ms="744">
    <groups>
    </groups>
    <test started-at="2025-10-01T23:23:36 IST" name="Default test" finished-at="2025-10-01T23:23:37 IST" duration-ms="744">
      <class name="com.api.tests.CreateJobApiTest">
        <test-method signature="createJobApiTest()[pri:0, instance:com.api.tests.CreateJobApiTest@1d2adfbe]" started-at="2025-10-01T23:23:36 IST" name="createJobApiTest" finished-at="2025-10-01T23:23:37 IST" duration-ms="735" status="PASS">
          <reporter-output>
          </reporter-output>
        </test-method> <!-- createJobApiTest -->
      </class> <!-- com.api.tests.CreateJobApiTest -->
    </test> <!-- Default test -->
  </suite> <!-- Default suite -->
</testng-results>
