<?xml version="1.0" encoding="UTF-8"?>
<testng-results ignored="0" total="1" passed="1" failed="0" skipped="0">
  <reporter-output>
  </reporter-output>
  <suite started-at="2025-09-14T11:31:48 IST" name="Default suite" finished-at="2025-09-14T11:31:48 IST" duration-ms="695">
    <groups>
    </groups>
    <test started-at="2025-09-14T11:31:48 IST" name="Default test" finished-at="2025-09-14T11:31:48 IST" duration-ms="695">
      <class name="com.api.tests.UserDetailsApiTest">
        <test-method signature="UserDetailsApiTest()[pri:0, instance:com.api.tests.UserDetailsApiTest@1e6a3214]" started-at="2025-09-14T11:31:48 IST" name="UserDetailsApiTest" finished-at="2025-09-14T11:31:48 IST" duration-ms="680" status="PASS">
          <reporter-output>
          </reporter-output>
        </test-method> <!-- UserDetailsApiTest -->
      </class> <!-- com.api.tests.UserDetailsApiTest -->
    </test> <!-- Default test -->
  </suite> <!-- Default suite -->
</testng-results>
