<?xml version="1.0" encoding="UTF-8"?>
<testng-results ignored="0" total="6" passed="6" failed="0" skipped="0">
  <reporter-output>
  </reporter-output>
  <suite started-at="2025-09-20T21:29:50 IST" name="Phoenix API Test Suite" finished-at="2025-09-20T21:29:51 IST" duration-ms="1281">
    <groups>
    </groups>
    <test started-at="2025-09-20T21:29:50 IST" name="Inwarranty Flow Test" finished-at="2025-09-20T21:29:51 IST" duration-ms="1281">
      <class name="com.api.tests.CountApiTest">
        <test-method signature="verifyCountApiResponseTest()[pri:0, instance:com.api.tests.CountApiTest@644baf4a]" started-at="2025-09-20T21:29:50 IST" name="verifyCountApiResponseTest" finished-at="2025-09-20T21:29:51 IST" duration-ms="151" status="PASS">
          <reporter-output>
          </reporter-output>
        </test-method> <!-- verifyCountApiResponseTest -->
        <test-method signature="verifyCountApiWithoutHeaderTest()[pri:0, instance:com.api.tests.CountApiTest@644baf4a]" started-at="2025-09-20T21:29:51 IST" name="verifyCountApiWithoutHeaderTest" finished-at="2025-09-20T21:29:51 IST" duration-ms="21" status="PASS">
          <reporter-output>
          </reporter-output>
        </test-method> <!-- verifyCountApiWithoutHeaderTest -->
      </class> <!-- com.api.tests.CountApiTest -->
      <class name="com.api.tests.UserDetailsApiTest">
        <test-method signature="UserDetailsApiTest()[pri:0, instance:com.api.tests.UserDetailsApiTest@f78a47e]" started-at="2025-09-20T21:29:50 IST" name="UserDetailsApiTest" finished-at="2025-09-20T21:29:50 IST" duration-ms="100" status="PASS">
          <reporter-output>
          </reporter-output>
        </test-method> <!-- UserDetailsApiTest -->
      </class> <!-- com.api.tests.UserDetailsApiTest -->
      <class name="com.api.tests.MasterApiTest">
        <test-method signature="masterApiTest()[pri:0, instance:com.api.tests.MasterApiTest@7526515b]" started-at="2025-09-20T21:29:51 IST" name="masterApiTest" finished-at="2025-09-20T21:29:51 IST" duration-ms="118" status="PASS">
          <reporter-output>
          </reporter-output>
        </test-method> <!-- masterApiTest -->
        <test-method signature="masterApiWithoutHeaderTest()[pri:0, instance:com.api.tests.MasterApiTest@7526515b]" started-at="2025-09-20T21:29:51 IST" name="masterApiWithoutHeaderTest" finished-at="2025-09-20T21:29:51 IST" duration-ms="165" status="PASS">
          <reporter-output>
          </reporter-output>
        </test-method> <!-- masterApiWithoutHeaderTest -->
      </class> <!-- com.api.tests.MasterApiTest -->
      <class name="com.api.tests.LoginApiTest">
        <test-method signature="loginApiTest()[pri:0, instance:com.api.tests.LoginApiTest@63376bed]" started-at="2025-09-20T21:29:50 IST" name="loginApiTest" finished-at="2025-09-20T21:29:50 IST" duration-ms="708" status="PASS">
          <reporter-output>
          </reporter-output>
        </test-method> <!-- loginApiTest -->
      </class> <!-- com.api.tests.LoginApiTest -->
    </test> <!-- Inwarranty Flow Test -->
  </suite> <!-- Phoenix API Test Suite -->
</testng-results>
